TN:
SF:lib/cli.js
FN:12,__exec
FN:16,init
FN:40,exec
FNF:3
FNH:3
FNDA:4,__exec
FNDA:4,init
FNDA:1,exec
DA:1,1
DA:2,1
DA:3,1
DA:4,1
DA:5,1
DA:6,1
DA:7,1
DA:8,1
DA:9,1
DA:10,1
DA:11,1
DA:12,4
DA:13,4
DA:14,4
DA:15,4
DA:16,4
DA:17,4
DA:18,4
DA:19,4
DA:20,4
DA:21,4
DA:22,4
DA:23,4
DA:24,4
DA:25,1
DA:26,1
DA:27,1
DA:28,1
DA:29,1
DA:30,1
DA:31,1
DA:32,4
DA:33,3
DA:34,3
DA:35,4
DA:36,1
DA:37,1
DA:38,1
DA:39,1
DA:40,1
DA:41,1
DA:42,1
DA:43,1
DA:44,1
DA:45,1
DA:46,1
DA:47,1
DA:48,1
DA:49,1
DA:50,1
DA:51,1
DA:52,1
DA:53,1
DA:54,1
DA:55,1
DA:56,1
DA:57,1
DA:58,1
DA:59,1
DA:60,1
DA:61,1
DA:62,1
DA:63,1
DA:64,1
DA:65,1
DA:66,1
DA:67,1
DA:68,1
DA:69,1
DA:70,1
DA:71,1
DA:72,1
DA:73,1
DA:74,1
DA:75,1
DA:76,1
DA:77,1
DA:78,1
DA:79,1
DA:80,1
DA:81,1
DA:82,1
DA:83,1
DA:84,1
DA:85,1
DA:86,1
DA:87,1
DA:88,1
LF:88
LH:88
BRDA:1,0,0,1
BRDA:12,1,0,4
BRDA:14,2,0,2
BRDA:14,3,0,0
BRDA:24,4,0,3
BRDA:24,5,0,3
BRDA:24,6,0,1
BRDA:32,7,0,3
BRDA:16,8,0,4
BRDA:18,9,0,4
BRDA:25,10,0,1
BRDA:40,11,0,1
BRF:12
BRH:11
end_of_record
TN:
SF:lib/jenkins.js
FN:11,_authFail
FN:15,_authRequire
FN:26,Jenkins
FN:86,csrf
FN:91,resultCb
FN:108,executorSummary
FN:159,monitor
FN:162,singleJobResultCb
FN:174,multiJobsResultCb
FN:218,_notify
FNF:10
FNH:10
FNDA:1,_authFail
FNDA:1,_authRequire
FNDA:48,Jenkins
FNDA:6,csrf
FNDA:6,resultCb
FNDA:1,executorSummary
FNDA:5,monitor
FNDA:1,singleJobResultCb
FNDA:4,multiJobsResultCb
FNDA:5,_notify
DA:1,1
DA:2,1
DA:3,1
DA:4,1
DA:5,1
DA:6,1
DA:7,1
DA:8,1
DA:9,1
DA:10,1
DA:11,1
DA:12,1
DA:13,1
DA:14,1
DA:15,1
DA:16,1
DA:17,1
DA:18,1
DA:19,1
DA:20,1
DA:21,1
DA:22,1
DA:23,1
DA:24,1
DA:25,1
DA:26,1
DA:27,48
DA:28,48
DA:29,48
DA:30,48
DA:31,48
DA:32,48
DA:33,48
DA:34,48
DA:35,48
DA:36,48
DA:37,48
DA:38,48
DA:39,48
DA:40,48
DA:41,48
DA:42,48
DA:43,48
DA:44,48
DA:45,48
DA:46,48
DA:47,48
DA:48,48
DA:49,48
DA:50,48
DA:51,48
DA:52,48
DA:53,48
DA:54,48
DA:55,48
DA:56,48
DA:57,48
DA:58,48
DA:59,0
DA:60,0
DA:61,0
DA:62,0
DA:63,0
DA:64,0
DA:65,0
DA:66,0
DA:67,0
DA:68,0
DA:69,0
DA:70,0
DA:71,0
DA:72,0
DA:73,0
DA:74,0
DA:75,48
DA:76,1
DA:77,1
DA:78,1
DA:79,1
DA:80,1
DA:81,1
DA:82,1
DA:83,1
DA:84,1
DA:85,1
DA:86,6
DA:87,6
DA:88,6
DA:89,6
DA:90,6
DA:91,6
DA:92,6
DA:93,5
DA:94,5
DA:95,5
DA:96,6
DA:97,6
DA:98,6
DA:99,6
DA:100,6
DA:101,1
DA:102,1
DA:103,1
DA:104,1
DA:105,1
DA:106,1
DA:107,1
DA:108,1
DA:109,1
DA:110,1
DA:111,1
DA:112,1
DA:113,3
DA:114,3
DA:115,3
DA:116,3
DA:117,3
DA:118,3
DA:119,3
DA:120,4
DA:121,4
DA:122,4
DA:123,4
DA:124,4
DA:125,4
DA:126,2
DA:127,4
DA:128,4
DA:129,4
DA:130,2
DA:131,2
DA:132,2
DA:133,2
DA:134,3
DA:135,3
DA:136,3
DA:137,3
DA:138,2
DA:139,2
DA:140,3
DA:141,2
DA:142,2
DA:143,3
DA:144,3
DA:145,1
DA:146,1
DA:147,1
DA:148,1
DA:149,1
DA:150,1
DA:151,1
DA:152,1
DA:153,1
DA:154,1
DA:155,1
DA:156,1
DA:157,1
DA:158,1
DA:159,5
DA:160,5
DA:161,5
DA:162,5
DA:163,1
DA:164,1
DA:165,1
DA:166,1
DA:167,1
DA:168,5
DA:169,5
DA:170,5
DA:171,5
DA:172,5
DA:173,5
DA:174,5
DA:175,4
DA:176,4
DA:177,4
DA:178,4
DA:179,4
DA:180,4
DA:181,4
DA:182,4
DA:183,4
DA:184,4
DA:185,4
DA:186,12
DA:187,1
DA:188,1
DA:189,12
DA:190,2
DA:191,2
DA:192,12
DA:193,2
DA:194,2
DA:195,2
DA:196,12
DA:197,7
DA:198,7
DA:199,7
DA:200,4
DA:201,4
DA:202,4
DA:203,4
DA:204,1
DA:205,4
DA:206,1
DA:207,3
DA:208,1
DA:209,1
DA:210,1
DA:211,1
DA:212,4
DA:213,4
DA:214,4
DA:215,4
DA:216,4
DA:217,5
DA:218,5
DA:219,5
DA:220,1
DA:221,5
DA:222,1
DA:223,4
DA:224,3
DA:225,3
DA:226,5
DA:227,5
DA:228,5
DA:229,5
DA:230,5
DA:231,1
DA:232,1
DA:233,1
DA:234,1
DA:235,1
DA:236,1
DA:237,1
DA:238,1
DA:239,1
DA:240,1
DA:241,1
DA:242,1
DA:243,1
DA:244,1
DA:245,1
DA:246,1
DA:247,1
DA:248,1
DA:249,1
DA:250,1
DA:251,1
DA:252,1
DA:253,1
DA:254,1
DA:255,1
DA:256,1
DA:257,1
DA:258,1
DA:259,1
DA:260,1
DA:261,1
DA:262,1
DA:263,1
DA:264,1
DA:265,1
DA:266,1
DA:267,1
LF:267
LH:251
BRDA:1,0,0,1
BRDA:11,1,0,1
BRDA:15,2,0,1
BRDA:26,3,0,48
BRDA:28,4,0,5
BRDA:28,5,0,5
BRDA:58,6,0,0
BRDA:86,7,0,6
BRDA:91,8,0,6
BRDA:92,9,0,5
BRDA:108,10,0,1
BRDA:112,11,0,3
BRDA:137,12,0,2
BRDA:140,13,0,2
BRDA:119,14,0,4
BRDA:124,15,0,2
BRDA:124,16,0,2
BRDA:125,17,0,2
BRDA:129,18,0,2
BRDA:159,19,0,5
BRDA:229,20,0,0
BRDA:162,21,0,1
BRDA:174,22,0,4
BRDA:203,23,0,1
BRDA:205,24,0,3
BRDA:205,25,0,1
BRDA:207,26,0,2
BRDA:207,27,0,1
BRDA:185,28,0,12
BRDA:186,29,0,1
BRDA:189,30,0,2
BRDA:192,31,0,2
BRDA:196,32,0,6
BRDA:196,33,0,7
BRDA:218,34,0,5
BRDA:219,35,0,1
BRDA:221,36,0,4
BRDA:221,37,0,1
BRDA:223,38,0,3
BRF:39
BRH:37
end_of_record
TN:
SF:lib/api/consolestream.js
FN:10,ConsoleStream
FNF:1
FNH:1
FNDA:7,ConsoleStream
DA:1,1
DA:2,1
DA:3,1
DA:4,1
DA:5,1
DA:6,1
DA:7,1
DA:8,1
DA:9,1
DA:10,1
DA:11,7
DA:12,7
DA:13,7
DA:14,7
DA:15,1
DA:16,1
DA:17,1
DA:18,1
DA:19,1
DA:20,1
DA:21,1
DA:22,1
DA:23,1
DA:24,1
DA:25,1
DA:26,1
DA:27,1
DA:28,1
LF:28
LH:28
BRDA:1,0,0,1
BRDA:10,1,0,7
BRF:2
BRH:2
end_of_record
TN:
SF:lib/api/jenkins.js
FN:11,computer
FN:22,crumb
FN:32,discover
FN:70,info
FN:79,parseFeed
FN:91,queue
FN:101,version
FN:103,_cb
FNF:8
FNH:8
FNDA:1,computer
FNDA:1,crumb
FNDA:4,discover
FNDA:1,info
FNDA:1,parseFeed
FNDA:1,queue
FNDA:3,version
FNDA:3,_cb
DA:1,1
DA:2,1
DA:3,1
DA:4,1
DA:5,1
DA:6,1
DA:7,1
DA:8,1
DA:9,1
DA:10,1
DA:11,1
DA:12,1
DA:13,1
DA:14,1
DA:15,1
DA:16,1
DA:17,1
DA:18,1
DA:19,1
DA:20,1
DA:21,1
DA:22,1
DA:23,1
DA:24,1
DA:25,1
DA:26,1
DA:27,1
DA:28,1
DA:29,1
DA:30,1
DA:31,1
DA:32,4
DA:33,4
DA:34,4
DA:35,4
DA:36,4
DA:37,4
DA:38,4
DA:39,4
DA:40,4
DA:41,1
DA:42,1
DA:43,4
DA:44,4
DA:45,4
DA:46,1
DA:47,1
DA:48,1
DA:49,1
DA:50,1
DA:51,4
DA:52,4
DA:53,4
DA:54,2
DA:55,1
DA:56,1
DA:57,1
DA:58,4
DA:59,4
DA:60,4
DA:61,1
DA:62,4
DA:63,4
DA:64,1
DA:65,1
DA:66,1
DA:67,1
DA:68,1
DA:69,1
DA:70,1
DA:71,1
DA:72,1
DA:73,1
DA:74,1
DA:75,1
DA:76,1
DA:77,1
DA:78,1
DA:79,1
DA:80,1
DA:81,1
DA:82,1
DA:83,1
DA:84,1
DA:85,1
DA:86,1
DA:87,1
DA:88,1
DA:89,1
DA:90,1
DA:91,1
DA:92,1
DA:93,1
DA:94,1
DA:95,1
DA:96,1
DA:97,1
DA:98,1
DA:99,1
DA:100,1
DA:101,3
DA:102,3
DA:103,3
DA:104,3
DA:105,1
DA:106,3
DA:107,1
DA:108,1
DA:109,1
DA:110,1
DA:111,3
DA:112,3
DA:113,3
DA:114,1
DA:115,1
DA:116,1
DA:117,1
DA:118,1
DA:119,1
DA:120,1
DA:121,1
DA:122,1
DA:123,1
DA:124,1
DA:125,1
DA:126,1
DA:127,1
LF:127
LH:127
BRDA:1,0,0,1
BRDA:11,1,0,1
BRDA:22,2,0,1
BRDA:32,3,0,4
BRDA:40,4,0,1
BRDA:45,5,0,1
BRDA:47,6,0,1
BRDA:53,7,0,2
BRDA:54,8,0,1
BRDA:60,9,0,1
BRDA:70,10,0,1
BRDA:79,11,0,1
BRDA:91,12,0,1
BRDA:101,13,0,3
BRDA:103,14,0,3
BRDA:104,15,0,1
BRDA:106,16,0,2
BRDA:106,17,0,1
BRF:18
BRH:18
end_of_record
TN:
SF:lib/api/job.js
FN:14,create
FN:29,read
FN:39,readLatest
FN:50,update
FN:60,_delete
FN:71,build
FN:82,checkStarted
FN:85,_cb
FN:94,parseQueueItemNumber
FN:107,stop
FN:123,streamConsole
FN:130,_processMoreChunks
FN:140,_moreChunkCb
FN:160,_firstChunkCb
FN:181,enable
FN:193,disable
FN:204,copy
FN:219,fetchConfig
FN:229,parseFeed
FNF:19
FNH:19
FNDA:1,create
FNDA:1,read
FNDA:1,readLatest
FNDA:1,update
FNDA:1,_delete
FNDA:2,build
FNDA:2,checkStarted
FNDA:2,_cb
FNDA:2,parseQueueItemNumber
FNDA:1,stop
FNDA:6,streamConsole
FNDA:5,_processMoreChunks
FNDA:6,_moreChunkCb
FNDA:6,_firstChunkCb
FNDA:1,enable
FNDA:1,disable
FNDA:1,copy
FNDA:1,fetchConfig
FNDA:1,parseFeed
DA:1,1
DA:2,1
DA:3,1
DA:4,1
DA:5,1
DA:6,1
DA:7,1
DA:8,1
DA:9,1
DA:10,1
DA:11,1
DA:12,1
DA:13,1
DA:14,1
DA:15,1
DA:16,1
DA:17,1
DA:18,1
DA:19,1
DA:20,1
DA:21,1
DA:22,1
DA:23,1
DA:24,1
DA:25,1
DA:26,1
DA:27,1
DA:28,1
DA:29,1
DA:30,1
DA:31,1
DA:32,1
DA:33,1
DA:34,1
DA:35,1
DA:36,1
DA:37,1
DA:38,1
DA:39,1
DA:40,1
DA:41,1
DA:42,1
DA:43,1
DA:44,1
DA:45,1
DA:46,1
DA:47,1
DA:48,1
DA:49,1
DA:50,1
DA:51,1
DA:52,1
DA:53,1
DA:54,1
DA:55,1
DA:56,1
DA:57,1
DA:58,1
DA:59,1
DA:60,1
DA:61,1
DA:62,1
DA:63,1
DA:64,1
DA:65,1
DA:66,1
DA:67,1
DA:68,1
DA:69,1
DA:70,1
DA:71,2
DA:72,2
DA:73,2
DA:74,2
DA:75,2
DA:76,2
DA:77,2
DA:78,2
DA:79,2
DA:80,2
DA:81,1
DA:82,2
DA:83,2
DA:84,2
DA:85,2
DA:86,2
DA:87,1
DA:88,1
DA:89,1
DA:90,1
DA:91,2
DA:92,2
DA:93,2
DA:94,2
DA:95,2
DA:96,2
DA:97,2
DA:98,2
DA:99,2
DA:100,1
DA:101,1
DA:102,1
DA:103,1
DA:104,1
DA:105,1
DA:106,1
DA:107,1
DA:108,1
DA:109,1
DA:110,1
DA:111,1
DA:112,1
DA:113,1
DA:114,1
DA:115,1
DA:116,1
DA:117,1
DA:118,1
DA:119,1
DA:120,1
DA:121,1
DA:122,1
DA:123,6
DA:124,6
DA:125,6
DA:126,6
DA:127,6
DA:128,6
DA:129,6
DA:130,6
DA:131,5
DA:132,4
DA:133,4
DA:134,5
DA:135,5
DA:136,5
DA:137,11
DA:138,5
DA:139,5
DA:140,6
DA:141,6
DA:142,6
DA:143,1
DA:144,1
DA:145,6
DA:146,6
DA:147,6
DA:148,6
DA:149,5
DA:150,5
DA:151,5
DA:152,5
DA:153,5
DA:154,5
DA:155,5
DA:156,6
DA:157,6
DA:158,6
DA:159,6
DA:160,6
DA:161,6
DA:162,5
DA:163,6
DA:164,1
DA:165,1
DA:166,6
DA:167,6
DA:168,6
DA:169,6
DA:170,6
DA:171,6
DA:172,1
DA:173,1
DA:174,1
DA:175,1
DA:176,1
DA:177,1
DA:178,1
DA:179,1
DA:180,1
DA:181,1
DA:182,1
DA:183,1
DA:184,1
DA:185,1
DA:186,1
DA:187,1
DA:188,1
DA:189,1
DA:190,1
DA:191,1
DA:192,1
DA:193,1
DA:194,1
DA:195,1
DA:196,1
DA:197,1
DA:198,1
DA:199,1
DA:200,1
DA:201,1
DA:202,1
DA:203,1
DA:204,1
DA:205,1
DA:206,1
DA:207,1
DA:208,1
DA:209,1
DA:210,1
DA:211,1
DA:212,1
DA:213,1
DA:214,1
DA:215,1
DA:216,1
DA:217,1
DA:218,1
DA:219,1
DA:220,1
DA:221,1
DA:222,1
DA:223,1
DA:224,1
DA:225,1
DA:226,1
DA:227,1
DA:228,1
DA:229,1
DA:230,1
DA:231,1
DA:232,1
DA:233,1
DA:234,1
DA:235,1
DA:236,1
DA:237,1
DA:238,1
DA:239,1
DA:240,1
DA:241,1
DA:242,1
DA:243,1
DA:244,1
DA:245,1
DA:246,1
DA:247,1
DA:248,1
DA:249,1
DA:250,1
DA:251,1
DA:252,1
DA:253,1
LF:253
LH:253
BRDA:1,0,0,1
BRDA:14,1,0,1
BRDA:29,2,0,1
BRDA:39,3,0,1
BRDA:50,4,0,1
BRDA:60,5,0,1
BRDA:71,6,0,2
BRDA:73,7,0,2
BRDA:82,8,0,2
BRDA:85,9,0,2
BRDA:86,10,0,1
BRDA:94,11,0,2
BRDA:107,12,0,1
BRDA:123,13,0,6
BRDA:125,14,0,0
BRDA:130,15,0,5
BRDA:131,16,0,4
BRDA:136,17,0,11
BRDA:139,18,0,6
BRDA:140,19,0,6
BRDA:142,20,0,1
BRDA:150,21,0,5
BRDA:157,22,0,6
BRDA:160,23,0,6
BRDA:161,24,0,5
BRDA:163,25,0,1
BRDA:181,26,0,1
BRDA:193,27,0,1
BRDA:204,28,0,1
BRDA:219,29,0,1
BRDA:229,30,0,1
BRF:31
BRH:30
end_of_record
TN:
SF:lib/api/util.js
FN:9,passThroughResponse
FN:19,passThroughSuccess
FN:29,passThroughSuccessJson
FN:40,htmlError
FN:54,jobNotFoundError
FN:67,jobBuildNotFoundError
FN:79,jobRequireParamsError
FN:91,viewNotFoundError
FNF:8
FNH:8
FNDA:1,passThroughResponse
FNDA:1,passThroughSuccess
FNDA:1,passThroughSuccessJson
FNDA:1,htmlError
FNDA:1,jobNotFoundError
FNDA:1,jobBuildNotFoundError
FNDA:1,jobRequireParamsError
FNDA:1,viewNotFoundError
DA:1,1
DA:2,1
DA:3,1
DA:4,1
DA:5,1
DA:6,1
DA:7,1
DA:8,1
DA:9,1
DA:10,1
DA:11,1
DA:12,1
DA:13,1
DA:14,1
DA:15,1
DA:16,1
DA:17,1
DA:18,1
DA:19,1
DA:20,1
DA:21,1
DA:22,1
DA:23,1
DA:24,1
DA:25,1
DA:26,1
DA:27,1
DA:28,1
DA:29,1
DA:30,1
DA:31,1
DA:32,1
DA:33,1
DA:34,1
DA:35,1
DA:36,1
DA:37,1
DA:38,1
DA:39,1
DA:40,1
DA:41,1
DA:42,1
DA:43,1
DA:44,1
DA:45,1
DA:46,1
DA:47,1
DA:48,1
DA:49,1
DA:50,1
DA:51,1
DA:52,1
DA:53,1
DA:54,1
DA:55,1
DA:56,1
DA:57,1
DA:58,1
DA:59,1
DA:60,1
DA:61,1
DA:62,1
DA:63,1
DA:64,1
DA:65,1
DA:66,1
DA:67,1
DA:68,1
DA:69,1
DA:70,1
DA:71,1
DA:72,1
DA:73,1
DA:74,1
DA:75,1
DA:76,1
DA:77,1
DA:78,1
DA:79,1
DA:80,1
DA:81,1
DA:82,1
DA:83,1
DA:84,1
DA:85,1
DA:86,1
DA:87,1
DA:88,1
DA:89,1
DA:90,1
DA:91,1
DA:92,1
DA:93,1
DA:94,1
DA:95,1
DA:96,1
DA:97,1
DA:98,1
DA:99,1
DA:100,1
DA:101,1
DA:102,1
DA:103,1
DA:104,1
DA:105,1
DA:106,1
DA:107,1
DA:108,1
DA:109,1
DA:110,1
LF:110
LH:110
BRDA:1,0,0,1
BRDA:9,1,0,1
BRDA:19,2,0,1
BRDA:29,3,0,1
BRDA:40,4,0,1
BRDA:54,5,0,1
BRDA:55,6,0,1
BRDA:67,7,0,1
BRDA:68,8,0,1
BRDA:79,9,0,1
BRDA:80,10,0,1
BRDA:91,11,0,1
BRDA:92,12,0,1
BRF:13
BRH:13
end_of_record
TN:
SF:lib/api/view.js
FN:12,create
FN:26,read
FN:37,update
FN:47,fetchConfig
FN:57,parseFeed
FNF:5
FNH:5
FNDA:1,create
FNDA:1,read
FNDA:1,update
FNDA:1,fetchConfig
FNDA:1,parseFeed
DA:1,1
DA:2,1
DA:3,1
DA:4,1
DA:5,1
DA:6,1
DA:7,1
DA:8,1
DA:9,1
DA:10,1
DA:11,1
DA:12,1
DA:13,1
DA:14,1
DA:15,1
DA:16,1
DA:17,1
DA:18,1
DA:19,1
DA:20,1
DA:21,1
DA:22,1
DA:23,1
DA:24,1
DA:25,1
DA:26,1
DA:27,1
DA:28,1
DA:29,1
DA:30,1
DA:31,1
DA:32,1
DA:33,1
DA:34,1
DA:35,1
DA:36,1
DA:37,1
DA:38,1
DA:39,1
DA:40,1
DA:41,1
DA:42,1
DA:43,1
DA:44,1
DA:45,1
DA:46,1
DA:47,1
DA:48,1
DA:49,1
DA:50,1
DA:51,1
DA:52,1
DA:53,1
DA:54,1
DA:55,1
DA:56,1
DA:57,1
DA:58,1
DA:59,1
DA:60,1
DA:61,1
DA:62,1
DA:63,1
DA:64,1
DA:65,1
DA:66,1
DA:67,1
DA:68,1
DA:69,1
DA:70,1
DA:71,1
DA:72,1
LF:72
LH:72
BRDA:1,0,0,1
BRDA:12,1,0,1
BRDA:26,2,0,1
BRDA:37,3,0,1
BRDA:47,4,0,1
BRDA:57,5,0,1
BRF:6
BRH:6
end_of_record
TN:
SF:lib/cli/jenkins.js
FN:13,dashboard
FN:15,resultCb
FN:27,jenkinsCb
FN:40,discover
FN:48,resultCb
FN:53,jenkinsCb
FN:66,executor
FN:68,resultCb
FN:89,jenkinsCb
FN:103,feed
FN:105,resultCb
FN:110,jenkinsCb
FN:130,queue
FN:132,resultCb
FN:142,jenkinsCb
FN:155,version
FN:157,resultCb
FN:160,jenkinsCb
FNF:18
FNH:18
FNDA:5,dashboard
FNDA:4,resultCb
FNDA:4,jenkinsCb
FNDA:4,discover
FNDA:3,resultCb
FNDA:3,jenkinsCb
FNDA:3,executor
FNDA:2,resultCb
FNDA:2,jenkinsCb
FNDA:4,feed
FNDA:3,resultCb
FNDA:3,jenkinsCb
FNDA:3,queue
FNDA:2,resultCb
FNDA:2,jenkinsCb
FNDA:2,version
FNDA:1,resultCb
FNDA:1,jenkinsCb
DA:1,1
DA:2,1
DA:3,1
DA:4,1
DA:5,1
DA:6,1
DA:7,1
DA:8,1
DA:9,1
DA:10,1
DA:11,1
DA:12,1
DA:13,5
DA:14,5
DA:15,4
DA:16,4
DA:17,4
DA:18,1
DA:19,4
DA:20,3
DA:21,8
DA:22,8
DA:23,8
DA:24,3
DA:25,3
DA:26,4
DA:27,4
DA:28,4
DA:29,4
DA:30,4
DA:31,5
DA:32,5
DA:33,1
DA:34,1
DA:35,1
DA:36,1
DA:37,1
DA:38,1
DA:39,1
DA:40,4
DA:41,4
DA:42,3
DA:43,3
DA:44,3
DA:45,2
DA:46,2
DA:47,3
DA:48,3
DA:49,3
DA:50,3
DA:51,3
DA:52,3
DA:53,3
DA:54,3
DA:55,3
DA:56,3
DA:57,4
DA:58,4
DA:59,1
DA:60,1
DA:61,1
DA:62,1
DA:63,1
DA:64,1
DA:65,1
DA:66,3
DA:67,3
DA:68,2
DA:69,2
DA:70,2
DA:71,2
DA:72,2
DA:73,1
DA:74,1
DA:75,1
DA:76,1
DA:77,1
DA:78,1
DA:79,3
DA:80,3
DA:81,4
DA:82,2
DA:83,2
DA:84,3
DA:85,1
DA:86,1
DA:87,1
DA:88,2
DA:89,2
DA:90,2
DA:91,2
DA:92,2
DA:93,3
DA:94,3
DA:95,1
DA:96,1
DA:97,1
DA:98,1
DA:99,1
DA:100,1
DA:101,1
DA:102,1
DA:103,4
DA:104,4
DA:105,3
DA:106,3
DA:107,6
DA:108,3
DA:109,3
DA:110,3
DA:111,3
DA:112,1
DA:113,3
DA:114,1
DA:115,1
DA:116,1
DA:117,1
DA:118,3
DA:119,3
DA:120,4
DA:121,4
DA:122,1
DA:123,1
DA:124,1
DA:125,1
DA:126,1
DA:127,1
DA:128,1
DA:129,1
DA:130,3
DA:131,3
DA:132,2
DA:133,2
DA:134,2
DA:135,1
DA:136,1
DA:137,1
DA:138,2
DA:139,1
DA:140,1
DA:141,2
DA:142,2
DA:143,2
DA:144,2
DA:145,2
DA:146,3
DA:147,3
DA:148,1
DA:149,1
DA:150,1
DA:151,1
DA:152,1
DA:153,1
DA:154,1
DA:155,2
DA:156,2
DA:157,1
DA:158,1
DA:159,1
DA:160,1
DA:161,1
DA:162,1
DA:163,1
DA:164,2
DA:165,2
DA:166,1
DA:167,1
DA:168,1
DA:169,1
DA:170,1
DA:171,1
DA:172,1
DA:173,1
DA:174,1
DA:175,1
DA:176,1
DA:177,1
DA:178,1
LF:178
LH:178
BRDA:1,0,0,1
BRDA:13,1,0,5
BRDA:14,2,0,4
BRDA:15,3,0,4
BRDA:17,4,0,1
BRDA:19,5,0,3
BRDA:20,6,0,8
BRDA:27,7,0,4
BRDA:40,8,0,4
BRDA:41,9,0,3
BRDA:44,10,0,2
BRDA:48,11,0,3
BRDA:50,12,0,0
BRDA:53,13,0,3
BRDA:66,14,0,3
BRDA:67,15,0,2
BRDA:68,16,0,2
BRDA:72,17,0,1
BRDA:78,18,0,3
BRDA:80,19,0,4
BRDA:81,20,0,2
BRDA:82,21,0,1
BRDA:82,22,0,1
BRDA:89,23,0,2
BRDA:103,24,0,4
BRDA:104,25,0,3
BRDA:105,26,0,3
BRDA:106,27,0,6
BRDA:110,28,0,3
BRDA:111,29,0,1
BRDA:113,30,0,2
BRDA:113,31,0,1
BRDA:130,32,0,3
BRDA:131,33,0,2
BRDA:132,34,0,2
BRDA:134,35,0,1
BRDA:137,36,0,2
BRDA:142,37,0,2
BRDA:155,38,0,2
BRDA:156,39,0,1
BRDA:157,40,0,1
BRDA:160,41,0,1
BRF:42
BRH:41
end_of_record
TN:
SF:lib/cli/job.js
FN:16,create
FN:21,resultCb
FN:24,jenkinsCb
FN:39,read
FN:43,resultCb
FN:51,jenkinsCb
FN:64,readLatest
FN:68,resultCb
FN:88,jenkinsCb
FN:102,update
FN:107,resultCb
FN:110,jenkinsCb
FN:125,_delete
FN:128,resultCb
FN:131,jenkinsCb
FN:145,build
FN:156,resultCb
FN:160,jenkinsCb
FN:163,passThroughCb
FN:180,streamIfReady
FN:202,cb
FN:230,stop
FN:234,resultCb
FN:237,jenkinsCb
FN:250,_console
FN:260,jenkinsCb
FN:278,enable
FN:282,resultCb
FN:285,jenkinsCb
FN:299,disable
FN:303,resultCb
FN:306,jenkinsCb
FN:320,copy
FN:325,resultCb
FN:328,jenkinsCb
FN:342,fetchConfig
FN:346,resultCb
FN:349,jenkinsCb
FNF:38
FNH:35
FNDA:3,create
FNDA:1,resultCb
FNDA:1,jenkinsCb
FNDA:4,read
FNDA:2,resultCb
FNDA:2,jenkinsCb
FNDA:3,readLatest
FNDA:2,resultCb
FNDA:2,jenkinsCb
FNDA:3,update
FNDA:1,resultCb
FNDA:1,jenkinsCb
FNDA:3,_delete
FNDA:1,resultCb
FNDA:1,jenkinsCb
FNDA:3,build
FNDA:1,resultCb
FNDA:1,jenkinsCb
FNDA:0,passThroughCb
FNDA:0,streamIfReady
FNDA:0,cb
FNDA:3,stop
FNDA:1,resultCb
FNDA:1,jenkinsCb
FNDA:2,_console
FNDA:1,jenkinsCb
FNDA:3,enable
FNDA:1,resultCb
FNDA:1,jenkinsCb
FNDA:3,disable
FNDA:1,resultCb
FNDA:1,jenkinsCb
FNDA:3,copy
FNDA:1,resultCb
FNDA:1,jenkinsCb
FNDA:3,fetchConfig
FNDA:1,resultCb
FNDA:1,jenkinsCb
DA:1,1
DA:2,1
DA:3,1
DA:4,1
DA:5,1
DA:6,1
DA:7,1
DA:8,1
DA:9,1
DA:10,1
DA:11,1
DA:12,1
DA:13,1
DA:14,1
DA:15,1
DA:16,3
DA:17,3
DA:18,1
DA:19,1
DA:20,1
DA:21,1
DA:22,1
DA:23,1
DA:24,1
DA:25,1
DA:26,1
DA:27,1
DA:28,1
DA:29,3
DA:30,3
DA:31,1
DA:32,1
DA:33,1
DA:34,1
DA:35,1
DA:36,1
DA:37,1
DA:38,1
DA:39,4
DA:40,4
DA:41,2
DA:42,2
DA:43,2
DA:44,2
DA:45,2
DA:46,2
DA:47,2
DA:48,4
DA:49,2
DA:50,2
DA:51,2
DA:52,2
DA:53,2
DA:54,2
DA:55,4
DA:56,4
DA:57,1
DA:58,1
DA:59,1
DA:60,1
DA:61,1
DA:62,1
DA:63,1
DA:64,3
DA:65,3
DA:66,2
DA:67,2
DA:68,2
DA:69,2
DA:70,2
DA:71,2
DA:72,2
DA:73,2
DA:74,2
DA:75,1
DA:76,1
DA:77,1
DA:78,1
DA:79,1
DA:80,1
DA:81,1
DA:82,1
DA:83,2
DA:84,2
DA:85,2
DA:86,2
DA:87,2
DA:88,2
DA:89,2
DA:90,2
DA:91,2
DA:92,3
DA:93,3
DA:94,1
DA:95,1
DA:96,1
DA:97,1
DA:98,1
DA:99,1
DA:100,1
DA:101,1
DA:102,3
DA:103,3
DA:104,1
DA:105,1
DA:106,1
DA:107,1
DA:108,1
DA:109,1
DA:110,1
DA:111,1
DA:112,1
DA:113,1
DA:114,1
DA:115,3
DA:116,3
DA:117,1
DA:118,1
DA:119,1
DA:120,1
DA:121,1
DA:122,1
DA:123,1
DA:124,1
DA:125,3
DA:126,3
DA:127,1
DA:128,1
DA:129,1
DA:130,1
DA:131,1
DA:132,1
DA:133,1
DA:134,1
DA:135,3
DA:136,3
DA:137,1
DA:138,1
DA:139,1
DA:140,1
DA:141,1
DA:142,1
DA:143,1
DA:144,1
DA:145,3
DA:146,3
DA:147,3
DA:148,1
DA:149,1
DA:150,1
DA:151,1
DA:152,0
DA:153,0
DA:154,0
DA:155,1
DA:156,1
DA:157,1
DA:158,1
DA:159,1
DA:160,1
DA:161,1
DA:162,1
DA:163,1
DA:164,0
DA:165,0
DA:166,1
DA:167,1
DA:168,1
DA:169,0
DA:170,0
DA:171,0
DA:172,0
DA:173,0
DA:174,0
DA:175,0
DA:176,1
DA:177,1
DA:178,1
DA:179,1
DA:180,1
DA:181,0
DA:182,0
DA:183,0
DA:184,0
DA:185,0
DA:186,0
DA:187,0
DA:188,0
DA:189,0
DA:190,0
DA:191,0
DA:192,0
DA:193,0
DA:194,0
DA:195,0
DA:196,0
DA:197,0
DA:198,1
DA:199,1
DA:200,1
DA:201,1
DA:202,0
DA:203,0
DA:204,0
DA:205,0
DA:206,0
DA:207,0
DA:208,0
DA:209,0
DA:210,0
DA:211,0
DA:212,0
DA:213,1
DA:214,1
DA:215,1
DA:216,1
DA:217,1
DA:218,1
DA:219,1
DA:220,3
DA:221,3
DA:222,1
DA:223,1
DA:224,1
DA:225,1
DA:226,1
DA:227,1
DA:228,1
DA:229,1
DA:230,3
DA:231,3
DA:232,1
DA:233,1
DA:234,1
DA:235,1
DA:236,1
DA:237,1
DA:238,1
DA:239,1
DA:240,1
DA:241,3
DA:242,3
DA:243,1
DA:244,1
DA:245,1
DA:246,1
DA:247,1
DA:248,1
DA:249,1
DA:250,2
DA:251,2
DA:252,1
DA:253,1
DA:254,1
DA:255,1
DA:256,0
DA:257,0
DA:258,0
DA:259,1
DA:260,1
DA:261,1
DA:262,1
DA:263,1
DA:264,1
DA:265,1
DA:266,1
DA:267,1
DA:268,2
DA:269,2
DA:270,1
DA:271,1
DA:272,1
DA:273,1
DA:274,1
DA:275,1
DA:276,1
DA:277,1
DA:278,3
DA:279,3
DA:280,1
DA:281,1
DA:282,1
DA:283,1
DA:284,1
DA:285,1
DA:286,1
DA:287,1
DA:288,1
DA:289,3
DA:290,3
DA:291,1
DA:292,1
DA:293,1
DA:294,1
DA:295,1
DA:296,1
DA:297,1
DA:298,1
DA:299,3
DA:300,3
DA:301,1
DA:302,1
DA:303,1
DA:304,1
DA:305,1
DA:306,1
DA:307,1
DA:308,1
DA:309,1
DA:310,3
DA:311,3
DA:312,1
DA:313,1
DA:314,1
DA:315,1
DA:316,1
DA:317,1
DA:318,1
DA:319,1
DA:320,3
DA:321,3
DA:322,1
DA:323,1
DA:324,1
DA:325,1
DA:326,1
DA:327,1
DA:328,1
DA:329,1
DA:330,1
DA:331,1
DA:332,3
DA:333,3
DA:334,1
DA:335,1
DA:336,1
DA:337,1
DA:338,1
DA:339,1
DA:340,1
DA:341,1
DA:342,3
DA:343,3
DA:344,1
DA:345,1
DA:346,1
DA:347,1
DA:348,1
DA:349,1
DA:350,1
DA:351,1
DA:352,1
DA:353,3
DA:354,3
DA:355,1
DA:356,1
DA:357,1
DA:358,1
DA:359,1
DA:360,1
DA:361,1
DA:362,1
DA:363,1
DA:364,1
DA:365,1
DA:366,1
DA:367,1
DA:368,1
DA:369,1
DA:370,1
DA:371,1
DA:372,1
DA:373,1
LF:373
LH:330
BRDA:1,0,0,1
BRDA:16,1,0,3
BRDA:17,2,0,1
BRDA:21,3,0,1
BRDA:24,4,0,1
BRDA:39,5,0,4
BRDA:40,6,0,2
BRDA:43,7,0,2
BRDA:47,8,0,4
BRDA:51,9,0,2
BRDA:64,10,0,3
BRDA:65,11,0,2
BRDA:68,12,0,2
BRDA:74,13,0,1
BRDA:88,14,0,2
BRDA:102,15,0,3
BRDA:103,16,0,1
BRDA:107,17,0,1
BRDA:110,18,0,1
BRDA:125,19,0,3
BRDA:126,20,0,1
BRDA:128,21,0,1
BRDA:131,22,0,1
BRDA:145,23,0,3
BRDA:147,24,0,1
BRDA:151,25,0,0
BRDA:156,26,0,1
BRDA:160,27,0,1
BRDA:168,28,0,0
BRDA:201,29,0,0
BRDA:230,30,0,3
BRDA:231,31,0,1
BRDA:234,32,0,1
BRDA:237,33,0,1
BRDA:250,34,0,2
BRDA:251,35,0,1
BRDA:255,36,0,0
BRDA:260,37,0,1
BRDA:278,38,0,3
BRDA:279,39,0,1
BRDA:282,40,0,1
BRDA:285,41,0,1
BRDA:299,42,0,3
BRDA:300,43,0,1
BRDA:303,44,0,1
BRDA:306,45,0,1
BRDA:320,46,0,3
BRDA:321,47,0,1
BRDA:325,48,0,1
BRDA:328,49,0,1
BRDA:342,50,0,3
BRDA:343,51,0,1
BRDA:346,52,0,1
BRDA:349,53,0,1
BRF:54
BRH:50
end_of_record
TN:
SF:lib/cli/util.js
FN:25,colorByStatus
FN:59,statusByColor
FNF:2
FNH:2
FNDA:28,colorByStatus
FNDA:27,statusByColor
DA:1,1
DA:2,1
DA:3,1
DA:4,1
DA:5,1
DA:6,1
DA:7,1
DA:8,1
DA:9,1
DA:10,1
DA:11,1
DA:12,1
DA:13,1
DA:14,1
DA:15,1
DA:16,1
DA:17,1
DA:18,1
DA:19,1
DA:20,1
DA:21,1
DA:22,1
DA:23,1
DA:24,1
DA:25,28
DA:26,28
DA:27,28
DA:28,28
DA:29,28
DA:30,21
DA:31,21
DA:32,21
DA:33,21
DA:34,21
DA:35,28
DA:36,7
DA:37,7
DA:38,35
DA:39,63
DA:40,5
DA:41,5
DA:42,35
DA:43,7
DA:44,7
DA:45,28
DA:46,28
DA:47,28
DA:48,1
DA:49,1
DA:50,1
DA:51,1
DA:52,1
DA:53,1
DA:54,1
DA:55,1
DA:56,1
DA:57,1
DA:58,1
DA:59,27
DA:60,27
DA:61,27
DA:62,27
DA:63,26
DA:64,26
DA:65,26
DA:66,26
DA:67,26
DA:68,26
DA:69,26
DA:70,27
DA:71,1
DA:72,1
DA:73,27
DA:74,27
DA:75,27
DA:76,1
DA:77,1
DA:78,1
DA:79,1
DA:80,1
DA:81,1
DA:82,1
DA:83,1
DA:84,1
LF:84
LH:84
BRDA:1,0,0,1
BRDA:25,1,0,28
BRDA:29,2,0,21
BRDA:34,3,0,18
BRDA:34,4,0,18
BRDA:34,5,0,3
BRDA:35,6,0,7
BRDA:37,7,0,35
BRDA:38,8,0,63
BRDA:39,9,0,5
BRDA:59,10,0,27
BRDA:62,11,0,26
BRDA:69,12,0,22
BRDA:69,13,0,4
BRDA:70,14,0,1
BRF:15
BRH:15
end_of_record
TN:
SF:lib/cli/view.js
FN:13,create
FN:18,resultCb
FN:21,jenkinsCb
FN:36,update
FN:41,resultCb
FN:44,jenkinsCb
FN:59,fetchConfig
FN:63,resultCb
FN:66,jenkinsCb
FNF:9
FNH:9
FNDA:2,create
FNDA:1,resultCb
FNDA:1,jenkinsCb
FNDA:2,update
FNDA:1,resultCb
FNDA:1,jenkinsCb
FNDA:2,fetchConfig
FNDA:1,resultCb
FNDA:1,jenkinsCb
DA:1,1
DA:2,1
DA:3,1
DA:4,1
DA:5,1
DA:6,1
DA:7,1
DA:8,1
DA:9,1
DA:10,1
DA:11,1
DA:12,1
DA:13,2
DA:14,2
DA:15,1
DA:16,1
DA:17,1
DA:18,1
DA:19,1
DA:20,1
DA:21,1
DA:22,1
DA:23,1
DA:24,1
DA:25,1
DA:26,2
DA:27,2
DA:28,1
DA:29,1
DA:30,1
DA:31,1
DA:32,1
DA:33,1
DA:34,1
DA:35,1
DA:36,2
DA:37,2
DA:38,1
DA:39,1
DA:40,1
DA:41,1
DA:42,1
DA:43,1
DA:44,1
DA:45,1
DA:46,1
DA:47,1
DA:48,1
DA:49,2
DA:50,2
DA:51,1
DA:52,1
DA:53,1
DA:54,1
DA:55,1
DA:56,1
DA:57,1
DA:58,1
DA:59,2
DA:60,2
DA:61,1
DA:62,1
DA:63,1
DA:64,1
DA:65,1
DA:66,1
DA:67,1
DA:68,1
DA:69,1
DA:70,2
DA:71,2
DA:72,1
DA:73,1
DA:74,1
DA:75,1
DA:76,1
DA:77,1
DA:78,1
DA:79,1
DA:80,1
DA:81,1
LF:81
LH:81
BRDA:1,0,0,1
BRDA:13,1,0,2
BRDA:14,2,0,1
BRDA:18,3,0,1
BRDA:21,4,0,1
BRDA:36,5,0,2
BRDA:37,6,0,1
BRDA:41,7,0,1
BRDA:44,8,0,1
BRDA:59,9,0,2
BRDA:60,10,0,1
BRDA:63,11,0,1
BRDA:66,12,0,1
BRF:13
BRH:13
end_of_record
