TN:
SF:lib/cli.js
FN:12,__exec
FN:16,init
FN:40,exec
FNF:3
FNH:3
FNDA:4,__exec
FNDA:4,init
FNDA:1,exec
DA:1,1
DA:2,1
DA:3,1
DA:4,1
DA:5,1
DA:6,1
DA:7,1
DA:8,1
DA:9,1
DA:10,1
DA:11,1
DA:12,4
DA:13,4
DA:14,4
DA:15,4
DA:16,4
DA:17,4
DA:18,4
DA:19,4
DA:20,4
DA:21,4
DA:22,4
DA:23,4
DA:24,4
DA:25,1
DA:26,1
DA:27,1
DA:28,1
DA:29,1
DA:30,1
DA:31,1
DA:32,4
DA:33,3
DA:34,3
DA:35,4
DA:36,1
DA:37,1
DA:38,1
DA:39,1
DA:40,1
DA:41,1
DA:42,1
DA:43,1
DA:44,1
DA:45,1
DA:46,1
DA:47,1
DA:48,1
DA:49,1
DA:50,1
DA:51,1
DA:52,1
DA:53,1
DA:54,1
DA:55,1
DA:56,1
DA:57,1
DA:58,1
DA:59,1
DA:60,1
DA:61,1
DA:62,1
DA:63,1
DA:64,1
DA:65,1
DA:66,1
DA:67,1
DA:68,1
DA:69,1
DA:70,1
DA:71,1
DA:72,1
DA:73,1
DA:74,1
DA:75,1
DA:76,1
DA:77,1
DA:78,1
DA:79,1
DA:80,1
DA:81,1
DA:82,1
DA:83,1
DA:84,1
DA:85,1
DA:86,1
DA:87,1
DA:88,1
LF:88
LH:88
BRDA:1,0,0,1
BRDA:12,1,0,4
BRDA:14,2,0,2
BRDA:14,3,0,0
BRDA:24,4,0,3
BRDA:24,5,0,3
BRDA:24,6,0,1
BRDA:32,7,0,3
BRDA:16,8,0,4
BRDA:18,9,0,4
BRDA:25,10,0,1
BRDA:40,11,0,1
BRF:12
BRH:11
end_of_record
TN:
SF:lib/jenkins.js
FN:16,_authFail
FN:20,_authRequire
FN:31,Jenkins
FN:91,csrf
FN:96,resultCb
FN:113,executorSummary
FN:164,monitor
FNF:7
FNH:6
FNDA:1,_authFail
FNDA:1,_authRequire
FNDA:27,Jenkins
FNDA:4,csrf
FNDA:4,resultCb
FNDA:1,executorSummary
FNDA:0,monitor
DA:1,1
DA:2,1
DA:3,1
DA:4,1
DA:5,1
DA:6,1
DA:7,1
DA:8,1
DA:9,1
DA:10,1
DA:11,1
DA:12,1
DA:13,1
DA:14,1
DA:15,1
DA:16,1
DA:17,1
DA:18,1
DA:19,1
DA:20,1
DA:21,1
DA:22,1
DA:23,1
DA:24,1
DA:25,1
DA:26,1
DA:27,1
DA:28,1
DA:29,1
DA:30,1
DA:31,1
DA:32,27
DA:33,27
DA:34,27
DA:35,27
DA:36,27
DA:37,27
DA:38,27
DA:39,27
DA:40,27
DA:41,27
DA:42,27
DA:43,27
DA:44,27
DA:45,27
DA:46,27
DA:47,27
DA:48,27
DA:49,27
DA:50,27
DA:51,27
DA:52,27
DA:53,27
DA:54,27
DA:55,27
DA:56,27
DA:57,27
DA:58,27
DA:59,27
DA:60,27
DA:61,27
DA:62,27
DA:63,27
DA:64,0
DA:65,0
DA:66,0
DA:67,0
DA:68,0
DA:69,0
DA:70,0
DA:71,0
DA:72,0
DA:73,0
DA:74,0
DA:75,0
DA:76,0
DA:77,0
DA:78,0
DA:79,0
DA:80,27
DA:81,1
DA:82,1
DA:83,1
DA:84,1
DA:85,1
DA:86,1
DA:87,1
DA:88,1
DA:89,1
DA:90,1
DA:91,4
DA:92,4
DA:93,4
DA:94,4
DA:95,4
DA:96,4
DA:97,4
DA:98,4
DA:99,4
DA:100,4
DA:101,4
DA:102,4
DA:103,4
DA:104,4
DA:105,4
DA:106,1
DA:107,1
DA:108,1
DA:109,1
DA:110,1
DA:111,1
DA:112,1
DA:113,1
DA:114,1
DA:115,1
DA:116,1
DA:117,1
DA:118,3
DA:119,3
DA:120,3
DA:121,3
DA:122,3
DA:123,3
DA:124,3
DA:125,4
DA:126,4
DA:127,4
DA:128,4
DA:129,4
DA:130,4
DA:131,2
DA:132,4
DA:133,4
DA:134,4
DA:135,2
DA:136,2
DA:137,2
DA:138,2
DA:139,3
DA:140,3
DA:141,3
DA:142,3
DA:143,2
DA:144,2
DA:145,3
DA:146,2
DA:147,2
DA:148,3
DA:149,3
DA:150,1
DA:151,1
DA:152,1
DA:153,1
DA:154,1
DA:155,1
DA:156,1
DA:157,1
DA:158,1
DA:159,1
DA:160,1
DA:161,1
DA:162,1
DA:163,1
DA:164,0
DA:165,0
DA:166,0
DA:167,0
DA:168,0
DA:169,0
DA:170,0
DA:171,0
DA:172,0
DA:173,0
DA:174,0
DA:175,0
DA:176,0
DA:177,0
DA:178,0
DA:179,0
DA:180,0
DA:181,0
DA:182,0
DA:183,0
DA:184,0
DA:185,0
DA:186,0
DA:187,0
DA:188,0
DA:189,0
DA:190,0
DA:191,0
DA:192,0
DA:193,0
DA:194,0
DA:195,0
DA:196,0
DA:197,0
DA:198,0
DA:199,0
DA:200,0
DA:201,0
DA:202,0
DA:203,0
DA:204,0
DA:205,0
DA:206,0
DA:207,0
DA:208,0
DA:209,0
DA:210,0
DA:211,0
DA:212,0
DA:213,0
DA:214,0
DA:215,0
DA:216,0
DA:217,0
DA:218,0
DA:219,0
DA:220,0
DA:221,0
DA:222,0
DA:223,0
DA:224,0
DA:225,0
DA:226,0
DA:227,0
DA:228,0
DA:229,0
DA:230,0
DA:231,0
DA:232,0
DA:233,0
DA:234,0
DA:235,0
DA:236,1
DA:237,1
DA:238,1
DA:239,1
DA:240,1
DA:241,1
DA:242,1
DA:243,1
DA:244,1
DA:245,1
DA:246,1
DA:247,1
DA:248,1
DA:249,1
DA:250,1
DA:251,1
DA:252,1
DA:253,1
DA:254,1
DA:255,1
DA:256,1
DA:257,1
DA:258,1
DA:259,1
DA:260,1
DA:261,1
DA:262,1
DA:263,1
DA:264,1
DA:265,1
DA:266,1
DA:267,1
DA:268,1
DA:269,1
DA:270,1
DA:271,1
DA:272,1
LF:272
LH:184
BRDA:1,0,0,1
BRDA:16,1,0,1
BRDA:20,2,0,1
BRDA:31,3,0,27
BRDA:33,4,0,5
BRDA:33,5,0,5
BRDA:63,6,0,0
BRDA:91,7,0,4
BRDA:96,8,0,4
BRDA:113,9,0,1
BRDA:117,10,0,3
BRDA:142,11,0,2
BRDA:145,12,0,2
BRDA:124,13,0,4
BRDA:129,14,0,2
BRDA:129,15,0,2
BRDA:130,16,0,2
BRDA:134,17,0,2
BRF:18
BRH:17
end_of_record
TN:
SF:lib/api/consolestream.js
FN:10,ConsoleStream
FNF:1
FNH:1
FNDA:7,ConsoleStream
DA:1,1
DA:2,1
DA:3,1
DA:4,1
DA:5,1
DA:6,1
DA:7,1
DA:8,1
DA:9,1
DA:10,1
DA:11,7
DA:12,7
DA:13,7
DA:14,7
DA:15,1
DA:16,1
DA:17,1
DA:18,1
DA:19,1
DA:20,1
DA:21,1
DA:22,1
DA:23,1
DA:24,1
DA:25,1
DA:26,1
DA:27,1
DA:28,1
LF:28
LH:28
BRDA:1,0,0,1
BRDA:10,1,0,7
BRF:2
BRH:2
end_of_record
TN:
SF:lib/api/jenkins.js
FN:12,computer
FN:23,crumb
FN:33,discover
FN:71,info
FN:80,parseFeed
FN:92,queue
FN:102,version
FNF:7
FNH:0
FNDA:0,computer
FNDA:0,crumb
FNDA:0,discover
FNDA:0,info
FNDA:0,parseFeed
FNDA:0,queue
FNDA:0,version
DA:1,1
DA:2,1
DA:3,1
DA:4,1
DA:5,1
DA:6,1
DA:7,1
DA:8,1
DA:9,1
DA:10,1
DA:11,1
DA:12,0
DA:13,0
DA:14,0
DA:15,0
DA:16,1
DA:17,1
DA:18,1
DA:19,1
DA:20,1
DA:21,1
DA:22,1
DA:23,0
DA:24,0
DA:25,0
DA:26,1
DA:27,1
DA:28,1
DA:29,1
DA:30,1
DA:31,1
DA:32,1
DA:33,0
DA:34,0
DA:35,0
DA:36,0
DA:37,0
DA:38,0
DA:39,0
DA:40,0
DA:41,0
DA:42,0
DA:43,0
DA:44,0
DA:45,0
DA:46,0
DA:47,0
DA:48,0
DA:49,0
DA:50,0
DA:51,0
DA:52,0
DA:53,0
DA:54,0
DA:55,0
DA:56,0
DA:57,0
DA:58,0
DA:59,0
DA:60,0
DA:61,0
DA:62,0
DA:63,0
DA:64,0
DA:65,1
DA:66,1
DA:67,1
DA:68,1
DA:69,1
DA:70,1
DA:71,0
DA:72,0
DA:73,0
DA:74,1
DA:75,1
DA:76,1
DA:77,1
DA:78,1
DA:79,1
DA:80,0
DA:81,0
DA:82,0
DA:83,0
DA:84,1
DA:85,1
DA:86,1
DA:87,1
DA:88,1
DA:89,1
DA:90,1
DA:91,1
DA:92,0
DA:93,0
DA:94,0
DA:95,1
DA:96,1
DA:97,1
DA:98,1
DA:99,1
DA:100,1
DA:101,1
DA:102,0
DA:103,0
DA:104,0
DA:105,0
DA:106,0
DA:107,0
DA:108,0
DA:109,0
DA:110,0
DA:111,0
DA:112,0
DA:113,0
DA:114,0
DA:115,1
DA:116,1
DA:117,1
DA:118,1
DA:119,1
DA:120,1
DA:121,1
DA:122,1
DA:123,1
DA:124,1
DA:125,1
DA:126,1
DA:127,1
DA:128,1
LF:128
LH:66
BRDA:1,0,0,1
BRF:1
BRH:1
end_of_record
TN:
SF:lib/api/job.js
FN:14,create
FN:29,read
FN:39,readLatest
FN:50,update
FN:60,_delete
FN:71,build
FN:82,checkStarted
FN:85,_cb
FN:94,parseQueueItemNumber
FN:107,stop
FN:123,streamConsole
FN:130,_processMoreChunks
FN:140,_moreChunkCb
FN:160,_firstChunkCb
FN:181,enable
FN:193,disable
FN:204,copy
FN:219,fetchConfig
FN:229,parseFeed
FNF:19
FNH:19
FNDA:1,create
FNDA:1,read
FNDA:1,readLatest
FNDA:1,update
FNDA:1,_delete
FNDA:2,build
FNDA:2,checkStarted
FNDA:2,_cb
FNDA:2,parseQueueItemNumber
FNDA:1,stop
FNDA:6,streamConsole
FNDA:5,_processMoreChunks
FNDA:6,_moreChunkCb
FNDA:6,_firstChunkCb
FNDA:1,enable
FNDA:1,disable
FNDA:1,copy
FNDA:1,fetchConfig
FNDA:1,parseFeed
DA:1,1
DA:2,1
DA:3,1
DA:4,1
DA:5,1
DA:6,1
DA:7,1
DA:8,1
DA:9,1
DA:10,1
DA:11,1
DA:12,1
DA:13,1
DA:14,1
DA:15,1
DA:16,1
DA:17,1
DA:18,1
DA:19,1
DA:20,1
DA:21,1
DA:22,1
DA:23,1
DA:24,1
DA:25,1
DA:26,1
DA:27,1
DA:28,1
DA:29,1
DA:30,1
DA:31,1
DA:32,1
DA:33,1
DA:34,1
DA:35,1
DA:36,1
DA:37,1
DA:38,1
DA:39,1
DA:40,1
DA:41,1
DA:42,1
DA:43,1
DA:44,1
DA:45,1
DA:46,1
DA:47,1
DA:48,1
DA:49,1
DA:50,1
DA:51,1
DA:52,1
DA:53,1
DA:54,1
DA:55,1
DA:56,1
DA:57,1
DA:58,1
DA:59,1
DA:60,1
DA:61,1
DA:62,1
DA:63,1
DA:64,1
DA:65,1
DA:66,1
DA:67,1
DA:68,1
DA:69,1
DA:70,1
DA:71,2
DA:72,2
DA:73,2
DA:74,2
DA:75,2
DA:76,2
DA:77,2
DA:78,2
DA:79,2
DA:80,2
DA:81,1
DA:82,2
DA:83,2
DA:84,2
DA:85,2
DA:86,2
DA:87,1
DA:88,1
DA:89,1
DA:90,1
DA:91,2
DA:92,2
DA:93,2
DA:94,2
DA:95,2
DA:96,2
DA:97,2
DA:98,2
DA:99,2
DA:100,1
DA:101,1
DA:102,1
DA:103,1
DA:104,1
DA:105,1
DA:106,1
DA:107,1
DA:108,1
DA:109,1
DA:110,1
DA:111,1
DA:112,1
DA:113,1
DA:114,1
DA:115,1
DA:116,1
DA:117,1
DA:118,1
DA:119,1
DA:120,1
DA:121,1
DA:122,1
DA:123,6
DA:124,6
DA:125,6
DA:126,6
DA:127,6
DA:128,6
DA:129,6
DA:130,6
DA:131,5
DA:132,4
DA:133,4
DA:134,5
DA:135,5
DA:136,5
DA:137,11
DA:138,5
DA:139,5
DA:140,6
DA:141,6
DA:142,6
DA:143,1
DA:144,1
DA:145,6
DA:146,6
DA:147,6
DA:148,6
DA:149,5
DA:150,5
DA:151,5
DA:152,5
DA:153,5
DA:154,5
DA:155,5
DA:156,6
DA:157,6
DA:158,6
DA:159,6
DA:160,6
DA:161,6
DA:162,5
DA:163,6
DA:164,1
DA:165,1
DA:166,6
DA:167,6
DA:168,6
DA:169,6
DA:170,6
DA:171,6
DA:172,1
DA:173,1
DA:174,1
DA:175,1
DA:176,1
DA:177,1
DA:178,1
DA:179,1
DA:180,1
DA:181,1
DA:182,1
DA:183,1
DA:184,1
DA:185,1
DA:186,1
DA:187,1
DA:188,1
DA:189,1
DA:190,1
DA:191,1
DA:192,1
DA:193,1
DA:194,1
DA:195,1
DA:196,1
DA:197,1
DA:198,1
DA:199,1
DA:200,1
DA:201,1
DA:202,1
DA:203,1
DA:204,1
DA:205,1
DA:206,1
DA:207,1
DA:208,1
DA:209,1
DA:210,1
DA:211,1
DA:212,1
DA:213,1
DA:214,1
DA:215,1
DA:216,1
DA:217,1
DA:218,1
DA:219,1
DA:220,1
DA:221,1
DA:222,1
DA:223,1
DA:224,1
DA:225,1
DA:226,1
DA:227,1
DA:228,1
DA:229,1
DA:230,1
DA:231,1
DA:232,1
DA:233,1
DA:234,1
DA:235,1
DA:236,1
DA:237,1
DA:238,1
DA:239,1
DA:240,1
DA:241,1
DA:242,1
DA:243,1
DA:244,1
DA:245,1
DA:246,1
DA:247,1
DA:248,1
DA:249,1
DA:250,1
DA:251,1
DA:252,1
DA:253,1
LF:253
LH:253
BRDA:1,0,0,1
BRDA:14,1,0,1
BRDA:29,2,0,1
BRDA:39,3,0,1
BRDA:50,4,0,1
BRDA:60,5,0,1
BRDA:71,6,0,2
BRDA:73,7,0,2
BRDA:82,8,0,2
BRDA:85,9,0,2
BRDA:86,10,0,1
BRDA:94,11,0,2
BRDA:107,12,0,1
BRDA:123,13,0,6
BRDA:125,14,0,0
BRDA:130,15,0,5
BRDA:131,16,0,4
BRDA:136,17,0,11
BRDA:139,18,0,6
BRDA:140,19,0,6
BRDA:142,20,0,1
BRDA:150,21,0,5
BRDA:157,22,0,6
BRDA:160,23,0,6
BRDA:161,24,0,5
BRDA:163,25,0,1
BRDA:181,26,0,1
BRDA:193,27,0,1
BRDA:204,28,0,1
BRDA:219,29,0,1
BRDA:229,30,0,1
BRF:31
BRH:30
end_of_record
TN:
SF:lib/api/util.js
FN:10,passThroughResponse
FN:20,passThroughSuccess
FN:30,passThroughSuccessJson
FN:41,htmlError
FN:55,jobNotFoundError
FN:68,jobBuildNotFoundError
FN:80,jobRequireParamsError
FN:92,viewNotFoundError
FNF:8
FNH:0
FNDA:0,passThroughResponse
FNDA:0,passThroughSuccess
FNDA:0,passThroughSuccessJson
FNDA:0,htmlError
FNDA:0,jobNotFoundError
FNDA:0,jobBuildNotFoundError
FNDA:0,jobRequireParamsError
FNDA:0,viewNotFoundError
DA:1,1
DA:2,1
DA:3,1
DA:4,1
DA:5,1
DA:6,1
DA:7,1
DA:8,1
DA:9,1
DA:10,0
DA:11,0
DA:12,0
DA:13,1
DA:14,1
DA:15,1
DA:16,1
DA:17,1
DA:18,1
DA:19,1
DA:20,0
DA:21,0
DA:22,0
DA:23,1
DA:24,1
DA:25,1
DA:26,1
DA:27,1
DA:28,1
DA:29,1
DA:30,0
DA:31,0
DA:32,0
DA:33,1
DA:34,1
DA:35,1
DA:36,1
DA:37,1
DA:38,1
DA:39,1
DA:40,1
DA:41,0
DA:42,0
DA:43,0
DA:44,0
DA:45,0
DA:46,0
DA:47,0
DA:48,1
DA:49,1
DA:50,1
DA:51,1
DA:52,1
DA:53,1
DA:54,1
DA:55,0
DA:56,0
DA:57,0
DA:58,0
DA:59,0
DA:60,1
DA:61,1
DA:62,1
DA:63,1
DA:64,1
DA:65,1
DA:66,1
DA:67,1
DA:68,0
DA:69,0
DA:70,0
DA:71,0
DA:72,0
DA:73,1
DA:74,1
DA:75,1
DA:76,1
DA:77,1
DA:78,1
DA:79,1
DA:80,0
DA:81,0
DA:82,0
DA:83,0
DA:84,0
DA:85,1
DA:86,1
DA:87,1
DA:88,1
DA:89,1
DA:90,1
DA:91,1
DA:92,0
DA:93,0
DA:94,0
DA:95,0
DA:96,0
DA:97,1
DA:98,1
DA:99,1
DA:100,1
DA:101,1
DA:102,1
DA:103,1
DA:104,1
DA:105,1
DA:106,1
DA:107,1
DA:108,1
DA:109,1
DA:110,1
DA:111,1
LF:111
LH:75
BRDA:1,0,0,1
BRF:1
BRH:1
end_of_record
TN:
SF:lib/api/view.js
FN:12,create
FN:26,read
FN:37,update
FN:47,fetchConfig
FN:57,parseFeed
FNF:5
FNH:5
FNDA:1,create
FNDA:1,read
FNDA:1,update
FNDA:1,fetchConfig
FNDA:1,parseFeed
DA:1,1
DA:2,1
DA:3,1
DA:4,1
DA:5,1
DA:6,1
DA:7,1
DA:8,1
DA:9,1
DA:10,1
DA:11,1
DA:12,1
DA:13,1
DA:14,1
DA:15,1
DA:16,1
DA:17,1
DA:18,1
DA:19,1
DA:20,1
DA:21,1
DA:22,1
DA:23,1
DA:24,1
DA:25,1
DA:26,1
DA:27,1
DA:28,1
DA:29,1
DA:30,1
DA:31,1
DA:32,1
DA:33,1
DA:34,1
DA:35,1
DA:36,1
DA:37,1
DA:38,1
DA:39,1
DA:40,1
DA:41,1
DA:42,1
DA:43,1
DA:44,1
DA:45,1
DA:46,1
DA:47,1
DA:48,1
DA:49,1
DA:50,1
DA:51,1
DA:52,1
DA:53,1
DA:54,1
DA:55,1
DA:56,1
DA:57,1
DA:58,1
DA:59,1
DA:60,1
DA:61,1
DA:62,1
DA:63,1
DA:64,1
DA:65,1
DA:66,1
DA:67,1
DA:68,1
DA:69,1
DA:70,1
DA:71,1
DA:72,1
LF:72
LH:72
BRDA:1,0,0,1
BRDA:12,1,0,1
BRDA:26,2,0,1
BRDA:37,3,0,1
BRDA:47,4,0,1
BRDA:57,5,0,1
BRF:6
BRH:6
end_of_record
TN:
SF:lib/cli/jenkins.js
FN:14,dashboard
FN:16,resultCb
FN:28,jenkinsCb
FN:41,discover
FN:48,resultCb
FN:53,jenkinsCb
FN:66,executor
FN:68,resultCb
FN:89,jenkinsCb
FN:103,feed
FN:105,resultCb
FN:110,jenkinsCb
FN:130,queue
FN:132,resultCb
FN:142,jenkinsCb
FN:155,version
FN:157,resultCb
FN:160,jenkinsCb
FNF:18
FNH:18
FNDA:5,dashboard
FNDA:4,resultCb
FNDA:4,jenkinsCb
FNDA:4,discover
FNDA:3,resultCb
FNDA:3,jenkinsCb
FNDA:3,executor
FNDA:2,resultCb
FNDA:2,jenkinsCb
FNDA:4,feed
FNDA:3,resultCb
FNDA:3,jenkinsCb
FNDA:3,queue
FNDA:2,resultCb
FNDA:2,jenkinsCb
FNDA:2,version
FNDA:1,resultCb
FNDA:1,jenkinsCb
DA:1,1
DA:2,1
DA:3,1
DA:4,1
DA:5,1
DA:6,1
DA:7,1
DA:8,1
DA:9,1
DA:10,1
DA:11,1
DA:12,1
DA:13,1
DA:14,5
DA:15,5
DA:16,4
DA:17,4
DA:18,4
DA:19,1
DA:20,4
DA:21,3
DA:22,8
DA:23,8
DA:24,8
DA:25,3
DA:26,3
DA:27,4
DA:28,4
DA:29,4
DA:30,4
DA:31,4
DA:32,5
DA:33,5
DA:34,1
DA:35,1
DA:36,1
DA:37,1
DA:38,1
DA:39,1
DA:40,1
DA:41,4
DA:42,4
DA:43,3
DA:44,2
DA:45,3
DA:46,0
DA:47,0
DA:48,3
DA:49,3
DA:50,3
DA:51,3
DA:52,3
DA:53,3
DA:54,3
DA:55,3
DA:56,3
DA:57,4
DA:58,4
DA:59,1
DA:60,1
DA:61,1
DA:62,1
DA:63,1
DA:64,1
DA:65,1
DA:66,3
DA:67,3
DA:68,2
DA:69,2
DA:70,2
DA:71,2
DA:72,2
DA:73,1
DA:74,1
DA:75,1
DA:76,1
DA:77,1
DA:78,1
DA:79,3
DA:80,3
DA:81,4
DA:82,2
DA:83,2
DA:84,3
DA:85,1
DA:86,1
DA:87,1
DA:88,2
DA:89,2
DA:90,2
DA:91,2
DA:92,2
DA:93,3
DA:94,3
DA:95,1
DA:96,1
DA:97,1
DA:98,1
DA:99,1
DA:100,1
DA:101,1
DA:102,1
DA:103,4
DA:104,4
DA:105,3
DA:106,3
DA:107,6
DA:108,3
DA:109,3
DA:110,3
DA:111,3
DA:112,1
DA:113,3
DA:114,1
DA:115,1
DA:116,1
DA:117,1
DA:118,3
DA:119,3
DA:120,4
DA:121,4
DA:122,1
DA:123,1
DA:124,1
DA:125,1
DA:126,1
DA:127,1
DA:128,1
DA:129,1
DA:130,3
DA:131,3
DA:132,2
DA:133,2
DA:134,2
DA:135,1
DA:136,1
DA:137,1
DA:138,2
DA:139,1
DA:140,1
DA:141,2
DA:142,2
DA:143,2
DA:144,2
DA:145,2
DA:146,3
DA:147,3
DA:148,1
DA:149,1
DA:150,1
DA:151,1
DA:152,1
DA:153,1
DA:154,1
DA:155,2
DA:156,2
DA:157,1
DA:158,1
DA:159,1
DA:160,1
DA:161,1
DA:162,1
DA:163,1
DA:164,2
DA:165,2
DA:166,1
DA:167,1
DA:168,1
DA:169,1
DA:170,1
DA:171,1
DA:172,1
DA:173,1
DA:174,1
DA:175,1
DA:176,1
DA:177,1
DA:178,1
LF:178
LH:176
BRDA:1,0,0,1
BRDA:14,1,0,5
BRDA:15,2,0,4
BRDA:16,3,0,4
BRDA:18,4,0,1
BRDA:20,5,0,3
BRDA:21,6,0,8
BRDA:28,7,0,4
BRDA:41,8,0,4
BRDA:42,9,0,3
BRDA:43,10,0,2
BRDA:45,11,0,1
BRDA:45,12,0,0
BRDA:48,13,0,3
BRDA:51,14,0,2
BRDA:51,15,0,2
BRDA:51,16,0,1
BRDA:53,17,0,3
BRDA:66,18,0,3
BRDA:67,19,0,2
BRDA:68,20,0,2
BRDA:72,21,0,1
BRDA:78,22,0,3
BRDA:80,23,0,4
BRDA:81,24,0,2
BRDA:82,25,0,1
BRDA:82,26,0,1
BRDA:89,27,0,2
BRDA:103,28,0,4
BRDA:104,29,0,3
BRDA:105,30,0,3
BRDA:106,31,0,6
BRDA:110,32,0,3
BRDA:111,33,0,1
BRDA:113,34,0,2
BRDA:113,35,0,1
BRDA:130,36,0,3
BRDA:131,37,0,2
BRDA:132,38,0,2
BRDA:134,39,0,1
BRDA:137,40,0,2
BRDA:142,41,0,2
BRDA:155,42,0,2
BRDA:156,43,0,1
BRDA:157,44,0,1
BRDA:160,45,0,1
BRF:46
BRH:45
end_of_record
TN:
SF:lib/cli/job.js
FN:16,create
FN:36,read
FN:59,readLatest
FN:96,update
FN:116,_delete
FN:135,build
FN:218,stop
FN:236,_console
FN:262,enable
FN:281,disable
FN:300,copy
FN:319,fetchConfig
FNF:12
FNH:12
FNDA:2,create
FNDA:2,read
FNDA:1,readLatest
FNDA:2,update
FNDA:2,_delete
FNDA:2,build
FNDA:2,stop
FNDA:1,_console
FNDA:2,enable
FNDA:2,disable
FNDA:2,copy
FNDA:2,fetchConfig
DA:1,1
DA:2,1
DA:3,1
DA:4,1
DA:5,1
DA:6,1
DA:7,1
DA:8,1
DA:9,1
DA:10,1
DA:11,1
DA:12,1
DA:13,1
DA:14,1
DA:15,1
DA:16,2
DA:17,2
DA:18,0
DA:19,0
DA:20,0
DA:21,0
DA:22,0
DA:23,0
DA:24,0
DA:25,0
DA:26,2
DA:27,2
DA:28,1
DA:29,1
DA:30,1
DA:31,1
DA:32,1
DA:33,1
DA:34,1
DA:35,1
DA:36,2
DA:37,2
DA:38,0
DA:39,0
DA:40,0
DA:41,0
DA:42,0
DA:43,0
DA:44,0
DA:45,0
DA:46,0
DA:47,0
DA:48,0
DA:49,0
DA:50,2
DA:51,2
DA:52,1
DA:53,1
DA:54,1
DA:55,1
DA:56,1
DA:57,1
DA:58,1
DA:59,1
DA:60,1
DA:61,0
DA:62,0
DA:63,0
DA:64,0
DA:65,0
DA:66,0
DA:67,0
DA:68,0
DA:69,0
DA:70,0
DA:71,0
DA:72,0
DA:73,0
DA:74,0
DA:75,0
DA:76,0
DA:77,0
DA:78,0
DA:79,0
DA:80,0
DA:81,0
DA:82,0
DA:83,0
DA:84,0
DA:85,0
DA:86,1
DA:87,1
DA:88,1
DA:89,1
DA:90,1
DA:91,1
DA:92,1
DA:93,1
DA:94,1
DA:95,1
DA:96,2
DA:97,2
DA:98,0
DA:99,0
DA:100,0
DA:101,0
DA:102,0
DA:103,0
DA:104,0
DA:105,0
DA:106,2
DA:107,2
DA:108,1
DA:109,1
DA:110,1
DA:111,1
DA:112,1
DA:113,1
DA:114,1
DA:115,1
DA:116,2
DA:117,2
DA:118,0
DA:119,0
DA:120,0
DA:121,0
DA:122,0
DA:123,0
DA:124,0
DA:125,2
DA:126,2
DA:127,1
DA:128,1
DA:129,1
DA:130,1
DA:131,1
DA:132,1
DA:133,1
DA:134,1
DA:135,2
DA:136,2
DA:137,2
DA:138,0
DA:139,0
DA:140,0
DA:141,0
DA:142,0
DA:143,0
DA:144,0
DA:145,0
DA:146,0
DA:147,0
DA:148,0
DA:149,0
DA:150,0
DA:151,0
DA:152,0
DA:153,0
DA:154,0
DA:155,0
DA:156,0
DA:157,0
DA:158,0
DA:159,0
DA:160,0
DA:161,0
DA:162,0
DA:163,0
DA:164,0
DA:165,0
DA:166,0
DA:167,0
DA:168,0
DA:169,0
DA:170,0
DA:171,0
DA:172,0
DA:173,0
DA:174,0
DA:175,0
DA:176,0
DA:177,0
DA:178,0
DA:179,0
DA:180,0
DA:181,0
DA:182,0
DA:183,0
DA:184,0
DA:185,0
DA:186,0
DA:187,0
DA:188,0
DA:189,0
DA:190,0
DA:191,0
DA:192,0
DA:193,0
DA:194,0
DA:195,0
DA:196,0
DA:197,0
DA:198,0
DA:199,0
DA:200,0
DA:201,0
DA:202,0
DA:203,0
DA:204,0
DA:205,0
DA:206,0
DA:207,0
DA:208,2
DA:209,2
DA:210,1
DA:211,1
DA:212,1
DA:213,1
DA:214,1
DA:215,1
DA:216,1
DA:217,1
DA:218,2
DA:219,2
DA:220,0
DA:221,0
DA:222,0
DA:223,0
DA:224,0
DA:225,0
DA:226,0
DA:227,2
DA:228,2
DA:229,1
DA:230,1
DA:231,1
DA:232,1
DA:233,1
DA:234,1
DA:235,1
DA:236,1
DA:237,1
DA:238,0
DA:239,0
DA:240,0
DA:241,0
DA:242,0
DA:243,0
DA:244,0
DA:245,0
DA:246,0
DA:247,0
DA:248,0
DA:249,0
DA:250,0
DA:251,0
DA:252,1
DA:253,1
DA:254,1
DA:255,1
DA:256,1
DA:257,1
DA:258,1
DA:259,1
DA:260,1
DA:261,1
DA:262,2
DA:263,2
DA:264,0
DA:265,0
DA:266,0
DA:267,0
DA:268,0
DA:269,0
DA:270,0
DA:271,2
DA:272,2
DA:273,1
DA:274,1
DA:275,1
DA:276,1
DA:277,1
DA:278,1
DA:279,1
DA:280,1
DA:281,2
DA:282,2
DA:283,0
DA:284,0
DA:285,0
DA:286,0
DA:287,0
DA:288,0
DA:289,0
DA:290,2
DA:291,2
DA:292,1
DA:293,1
DA:294,1
DA:295,1
DA:296,1
DA:297,1
DA:298,1
DA:299,1
DA:300,2
DA:301,2
DA:302,0
DA:303,0
DA:304,0
DA:305,0
DA:306,0
DA:307,0
DA:308,0
DA:309,2
DA:310,2
DA:311,1
DA:312,1
DA:313,1
DA:314,1
DA:315,1
DA:316,1
DA:317,1
DA:318,1
DA:319,2
DA:320,2
DA:321,0
DA:322,0
DA:323,0
DA:324,0
DA:325,0
DA:326,0
DA:327,0
DA:328,2
DA:329,2
DA:330,1
DA:331,1
DA:332,1
DA:333,1
DA:334,1
DA:335,1
DA:336,1
DA:337,1
DA:338,1
DA:339,1
DA:340,1
DA:341,1
DA:342,1
DA:343,1
DA:344,1
DA:345,1
DA:346,1
DA:347,1
DA:348,1
LF:348
LH:169
BRDA:1,0,0,1
BRDA:16,1,0,2
BRDA:36,2,0,2
BRDA:59,3,0,1
BRDA:96,4,0,2
BRDA:116,5,0,2
BRDA:135,6,0,2
BRDA:218,7,0,2
BRDA:236,8,0,1
BRDA:262,9,0,2
BRDA:281,10,0,2
BRDA:300,11,0,2
BRDA:319,12,0,2
BRF:13
BRH:13
end_of_record
TN:
SF:lib/cli/util.js
FN:25,colorByStatus
FN:59,statusByColor
FNF:2
FNH:2
FNDA:24,colorByStatus
FNDA:20,statusByColor
DA:1,1
DA:2,1
DA:3,1
DA:4,1
DA:5,1
DA:6,1
DA:7,1
DA:8,1
DA:9,1
DA:10,1
DA:11,1
DA:12,1
DA:13,1
DA:14,1
DA:15,1
DA:16,1
DA:17,1
DA:18,1
DA:19,1
DA:20,1
DA:21,1
DA:22,1
DA:23,1
DA:24,1
DA:25,24
DA:26,24
DA:27,24
DA:28,24
DA:29,24
DA:30,19
DA:31,19
DA:32,19
DA:33,19
DA:34,19
DA:35,24
DA:36,5
DA:37,5
DA:38,25
DA:39,45
DA:40,3
DA:41,3
DA:42,25
DA:43,5
DA:44,5
DA:45,24
DA:46,24
DA:47,24
DA:48,1
DA:49,1
DA:50,1
DA:51,1
DA:52,1
DA:53,1
DA:54,1
DA:55,1
DA:56,1
DA:57,1
DA:58,1
DA:59,20
DA:60,20
DA:61,20
DA:62,20
DA:63,19
DA:64,19
DA:65,19
DA:66,19
DA:67,19
DA:68,19
DA:69,19
DA:70,20
DA:71,1
DA:72,1
DA:73,20
DA:74,20
DA:75,20
DA:76,1
DA:77,1
DA:78,1
DA:79,1
DA:80,1
DA:81,1
DA:82,1
DA:83,1
DA:84,1
LF:84
LH:84
BRDA:1,0,0,1
BRDA:25,1,0,24
BRDA:29,2,0,19
BRDA:34,3,0,17
BRDA:34,4,0,17
BRDA:34,5,0,2
BRDA:35,6,0,5
BRDA:37,7,0,25
BRDA:38,8,0,45
BRDA:39,9,0,3
BRDA:59,10,0,20
BRDA:62,11,0,19
BRDA:69,12,0,17
BRDA:69,13,0,2
BRDA:70,14,0,1
BRF:15
BRH:15
end_of_record
TN:
SF:lib/cli/view.js
FN:13,create
FN:18,resultCb
FN:21,jenkinsCb
FN:36,update
FN:38,resultCb
FN:41,jenkinsCb
FN:56,fetchConfig
FN:58,resultCb
FN:61,jenkinsCb
FNF:9
FNH:9
FNDA:2,create
FNDA:1,resultCb
FNDA:1,jenkinsCb
FNDA:2,update
FNDA:1,resultCb
FNDA:1,jenkinsCb
FNDA:2,fetchConfig
FNDA:1,resultCb
FNDA:1,jenkinsCb
DA:1,1
DA:2,1
DA:3,1
DA:4,1
DA:5,1
DA:6,1
DA:7,1
DA:8,1
DA:9,1
DA:10,1
DA:11,1
DA:12,1
DA:13,2
DA:14,2
DA:15,1
DA:16,1
DA:17,1
DA:18,1
DA:19,1
DA:20,1
DA:21,1
DA:22,1
DA:23,1
DA:24,1
DA:25,1
DA:26,2
DA:27,2
DA:28,1
DA:29,1
DA:30,1
DA:31,1
DA:32,1
DA:33,1
DA:34,1
DA:35,1
DA:36,2
DA:37,2
DA:38,1
DA:39,1
DA:40,1
DA:41,1
DA:42,1
DA:43,1
DA:44,1
DA:45,1
DA:46,2
DA:47,2
DA:48,1
DA:49,1
DA:50,1
DA:51,1
DA:52,1
DA:53,1
DA:54,1
DA:55,1
DA:56,2
DA:57,2
DA:58,1
DA:59,1
DA:60,1
DA:61,1
DA:62,1
DA:63,1
DA:64,1
DA:65,2
DA:66,2
DA:67,1
DA:68,1
DA:69,1
DA:70,1
DA:71,1
DA:72,1
DA:73,1
DA:74,1
DA:75,1
DA:76,1
LF:76
LH:76
BRDA:1,0,0,1
BRDA:13,1,0,2
BRDA:14,2,0,1
BRDA:18,3,0,1
BRDA:21,4,0,1
BRDA:36,5,0,2
BRDA:37,6,0,1
BRDA:38,7,0,1
BRDA:41,8,0,1
BRDA:56,9,0,2
BRDA:57,10,0,1
BRDA:58,11,0,1
BRDA:61,12,0,1
BRF:13
BRH:13
end_of_record
