TN:
SF:/Users/cliffano/dev/workspace/nestor/lib/api/consolestream.js
FN:8,ConsoleStream
FNF:1
FNH:1
FNDA:7,ConsoleStream
DA:1,1
DA:2,1
DA:8,1
DA:10,1
DA:12,1
DA:13,1
DA:15,1
LF:7
LH:7
BRF:0
BRH:0
end_of_record
TN:
SF:/Users/cliffano/dev/workspace/nestor/lib/api/jenkins.js
FN:13,computer
FN:28,discover
FN:36,(anonymous_3)
FN:41,(anonymous_4)
FN:43,(anonymous_5)
FN:49,(anonymous_6)
FN:56,(anonymous_7)
FN:66,info
FN:78,parseFeed
FN:81,(anonymous_10)
FN:93,queue
FN:106,version
FN:108,_success
FNF:13
FNH:13
FNDA:1,computer
FNDA:4,discover
FNDA:1,(anonymous_3)
FNDA:1,(anonymous_4)
FNDA:1,(anonymous_5)
FNDA:2,(anonymous_6)
FNDA:1,(anonymous_7)
FNDA:1,info
FNDA:1,parseFeed
FNDA:1,(anonymous_10)
FNDA:1,queue
FNDA:2,version
FNDA:2,_success
DA:1,1
DA:2,1
DA:3,1
DA:4,1
DA:5,1
DA:6,1
DA:13,1
DA:15,1
DA:17,1
DA:19,1
DA:28,1
DA:30,4
DA:32,4
DA:33,4
DA:34,4
DA:36,4
DA:37,1
DA:38,1
DA:41,4
DA:42,1
DA:43,1
DA:44,1
DA:46,1
DA:49,4
DA:50,2
DA:51,1
DA:52,1
DA:56,4
DA:57,1
DA:66,1
DA:68,1
DA:70,1
DA:78,1
DA:80,1
DA:81,1
DA:82,1
DA:93,1
DA:95,1
DA:97,1
DA:106,1
DA:108,1
DA:109,2
DA:110,1
DA:112,1
DA:116,2
DA:118,2
DA:121,1
DA:122,1
DA:123,1
DA:124,1
DA:125,1
DA:126,1
LF:52
LH:52
BRDA:50,1,0,1
BRDA:50,1,1,1
BRDA:109,2,0,1
BRDA:109,2,1,1
BRF:4
BRH:4
end_of_record
TN:
SF:/Users/cliffano/dev/workspace/nestor/lib/api/util.js
FN:9,passThroughSuccess
FN:19,passThroughSuccessJson
FN:30,htmlError
FN:44,jobNotFoundError
FN:45,(anonymous_5)
FN:56,jobRequireParamsError
FN:57,(anonymous_7)
FN:68,viewNotFoundError
FN:69,(anonymous_9)
FNF:9
FNH:9
FNDA:1,passThroughSuccess
FNDA:1,passThroughSuccessJson
FNDA:1,htmlError
FNDA:17,jobNotFoundError
FNDA:1,(anonymous_5)
FNDA:3,jobRequireParamsError
FNDA:1,(anonymous_7)
FNDA:3,viewNotFoundError
FNDA:1,(anonymous_9)
DA:1,1
DA:9,1
DA:10,1
DA:19,1
DA:20,1
DA:30,1
DA:31,1
DA:35,1
DA:44,1
DA:45,17
DA:46,1
DA:56,1
DA:57,3
DA:58,1
DA:68,1
DA:69,3
DA:70,1
DA:74,1
DA:75,1
DA:76,1
DA:77,1
DA:78,1
DA:79,1
LF:23
LH:23
BRF:0
BRH:0
end_of_record
TN:
SF:/Users/cliffano/dev/workspace/nestor/lib/api/job.js
FN:16,create
FN:35,read
FN:49,readLatest
FN:64,update
FN:80,_delete
FN:95,build
FN:98,(anonymous_7)
FN:118,stop
FN:137,streamConsole
FN:143,_success
FN:149,(anonymous_11)
FN:152,(anonymous_12)
FN:161,(anonymous_13)
FN:173,(anonymous_14)
FN:185,(anonymous_15)
FN:200,enable
FN:216,disable
FN:231,copy
FN:248,fetchConfig
FN:262,parseFeed
FN:265,(anonymous_21)
FNF:21
FNH:21
FNDA:1,create
FNDA:1,read
FNDA:1,readLatest
FNDA:1,update
FNDA:1,_delete
FNDA:2,build
FNDA:2,(anonymous_7)
FNDA:1,stop
FNDA:6,streamConsole
FNDA:5,_success
FNDA:7,(anonymous_11)
FNDA:3,(anonymous_12)
FNDA:3,(anonymous_13)
FNDA:5,(anonymous_14)
FNDA:6,(anonymous_15)
FNDA:1,enable
FNDA:1,disable
FNDA:1,copy
FNDA:1,fetchConfig
FNDA:1,parseFeed
FNDA:1,(anonymous_21)
DA:1,1
DA:2,1
DA:3,1
DA:4,1
DA:5,1
DA:6,1
DA:7,1
DA:16,1
DA:18,1
DA:19,1
DA:20,1
DA:22,1
DA:23,1
DA:25,1
DA:35,1
DA:37,1
DA:38,1
DA:40,1
DA:49,1
DA:51,1
DA:52,1
DA:54,1
DA:64,1
DA:66,1
DA:68,1
DA:69,1
DA:71,1
DA:80,1
DA:82,1
DA:83,1
DA:85,1
DA:95,1
DA:97,2
DA:98,2
DA:99,2
DA:102,2
DA:104,2
DA:105,2
DA:106,2
DA:107,2
DA:109,2
DA:118,1
DA:120,1
DA:121,1
DA:123,1
DA:137,1
DA:139,6
DA:140,6
DA:141,6
DA:143,1
DA:144,5
DA:145,4
DA:148,5
DA:150,7
DA:153,3
DA:157,3
DA:158,3
DA:159,1
DA:161,3
DA:162,3
DA:163,1
DA:165,2
DA:166,2
DA:167,1
DA:169,2
DA:174,5
DA:175,5
DA:180,6
DA:182,6
DA:183,6
DA:185,6
DA:186,6
DA:189,6
DA:200,1
DA:202,1
DA:203,1
DA:205,1
DA:216,1
DA:218,1
DA:219,1
DA:221,1
DA:231,1
DA:233,1
DA:234,1
DA:236,1
DA:237,1
DA:239,1
DA:248,1
DA:250,1
DA:251,1
DA:253,1
DA:262,1
DA:264,1
DA:265,1
DA:266,1
DA:270,1
DA:271,1
DA:272,1
DA:273,1
DA:274,1
DA:275,1
DA:276,1
DA:277,1
DA:278,1
DA:279,1
DA:280,1
DA:281,1
DA:282,1
LF:108
LH:108
BRDA:144,1,0,4
BRDA:144,1,1,1
BRDA:158,2,0,1
BRDA:158,2,1,2
BRDA:162,3,0,1
BRDA:162,3,1,2
BRDA:166,4,0,1
BRDA:166,4,1,1
BRF:8
BRH:8
end_of_record
TN:
SF:/Users/cliffano/dev/workspace/nestor/lib/api/view.js
FN:12,create
FN:30,read
FN:44,update
FN:60,fetchConfig
FN:74,parseFeed
FN:77,(anonymous_6)
FNF:6
FNH:6
FNDA:1,create
FNDA:1,read
FNDA:1,update
FNDA:1,fetchConfig
FNDA:1,parseFeed
FNDA:1,(anonymous_6)
DA:1,1
DA:2,1
DA:3,1
DA:12,1
DA:14,1
DA:15,1
DA:16,1
DA:18,1
DA:19,1
DA:21,1
DA:30,1
DA:32,1
DA:34,1
DA:44,1
DA:46,1
DA:48,1
DA:49,1
DA:51,1
DA:60,1
DA:62,1
DA:63,1
DA:65,1
DA:74,1
DA:76,1
DA:77,1
DA:78,1
DA:82,1
DA:83,1
DA:84,1
DA:85,1
DA:86,1
LF:31
LH:31
BRF:0
BRH:0
end_of_record
TN:
SF:/Users/cliffano/dev/workspace/nestor/lib/cli.js
FN:10,__exec
FN:16,(anonymous_2)
FN:17,(anonymous_3)
FN:34,exec
FNF:4
FNH:4
FNDA:4,__exec
FNDA:1,(anonymous_2)
FNDA:1,(anonymous_3)
FNDA:1,exec
DA:1,1
DA:2,1
DA:3,1
DA:4,1
DA:5,1
DA:6,1
DA:7,1
DA:8,1
DA:10,1
DA:12,4
DA:15,4
DA:16,1
DA:17,1
DA:18,1
DA:19,1
DA:20,1
DA:21,1
DA:27,3
DA:34,1
DA:36,1
DA:72,1
DA:75,1
DA:76,1
LF:23
LH:23
BRDA:12,1,0,3
BRDA:12,1,1,1
BRDA:12,2,0,4
BRDA:12,2,1,4
BRDA:12,3,0,3
BRDA:12,3,1,1
BRDA:15,4,0,1
BRDA:15,4,1,3
BRDA:15,5,0,4
BRDA:15,5,1,3
BRDA:15,5,2,3
BRF:11
BRH:11
end_of_record
TN:
SF:/Users/cliffano/dev/workspace/nestor/lib/jenkins.js
FN:15,Jenkins
FN:17,_authFail
FN:21,_authRequire
FN:40,executorSummary
FN:44,(anonymous_5)
FN:51,(anonymous_6)
FN:92,monitor
FN:95,singleJobResultCb
FN:107,multiJobsResultCb
FN:118,(anonymous_10)
FN:151,_notify
FNF:11
FNH:11
FNDA:50,Jenkins
FNDA:1,_authFail
FNDA:1,_authRequire
FNDA:1,executorSummary
FNDA:3,(anonymous_5)
FNDA:4,(anonymous_6)
FNDA:7,monitor
FNDA:2,singleJobResultCb
FNDA:5,multiJobsResultCb
FNDA:12,(anonymous_10)
FNDA:7,_notify
DA:1,1
DA:2,1
DA:3,1
DA:4,1
DA:5,1
DA:6,1
DA:8,1
DA:15,1
DA:17,1
DA:18,1
DA:21,1
DA:22,1
DA:25,50
DA:26,50
DA:40,1
DA:42,1
DA:44,1
DA:46,3
DA:47,3
DA:49,3
DA:51,3
DA:53,4
DA:62,4
DA:63,2
DA:65,2
DA:69,3
DA:70,3
DA:71,2
DA:73,3
DA:74,2
DA:77,3
DA:80,1
DA:92,1
DA:93,7
DA:95,1
DA:96,2
DA:97,1
DA:99,2
DA:107,1
DA:108,5
DA:110,4
DA:111,4
DA:112,4
DA:113,4
DA:115,4
DA:116,4
DA:118,4
DA:119,12
DA:120,1
DA:122,12
DA:123,2
DA:125,12
DA:126,2
DA:127,2
DA:129,12
DA:130,7
DA:131,7
DA:135,4
DA:136,4
DA:137,1
DA:138,3
DA:139,1
DA:140,2
DA:141,1
DA:143,1
DA:146,4
DA:148,5
DA:151,1
DA:152,7
DA:153,2
DA:154,5
DA:155,2
DA:157,3
DA:161,7
DA:162,7
DA:165,1
DA:166,1
DA:167,1
DA:168,1
DA:169,1
DA:170,1
DA:171,1
DA:173,1
DA:174,1
DA:175,1
DA:176,1
DA:177,1
DA:178,1
DA:179,1
DA:180,1
DA:181,1
DA:182,1
DA:183,1
DA:184,1
DA:185,1
DA:187,1
DA:188,1
DA:189,1
DA:190,1
DA:191,1
DA:193,1
DA:195,1
LF:102
LH:102
BRDA:25,1,0,50
BRDA:25,1,1,5
BRDA:25,1,2,5
BRDA:57,2,0,2
BRDA:57,2,1,2
BRDA:62,3,0,2
BRDA:62,3,1,2
BRDA:70,4,0,2
BRDA:70,4,1,1
BRDA:73,5,0,2
BRDA:73,5,1,1
BRDA:96,6,0,1
BRDA:96,6,1,1
BRDA:108,7,0,4
BRDA:108,7,1,1
BRDA:119,8,0,1
BRDA:119,8,1,11
BRDA:122,9,0,2
BRDA:122,9,1,10
BRDA:125,10,0,2
BRDA:125,10,1,10
BRDA:129,11,0,7
BRDA:129,11,1,5
BRDA:129,12,0,12
BRDA:129,12,1,6
BRDA:136,13,0,1
BRDA:136,13,1,3
BRDA:138,14,0,1
BRDA:138,14,1,2
BRDA:140,15,0,1
BRDA:140,15,1,1
BRDA:152,16,0,2
BRDA:152,16,1,5
BRDA:154,17,0,2
BRDA:154,17,1,3
BRDA:162,18,0,7
BRDA:162,18,1,1
BRF:37
BRH:37
end_of_record
TN:
SF:/Users/cliffano/dev/workspace/nestor/lib/cli/util.js
FN:24,colorByStatus
FN:36,(anonymous_2)
FN:37,(anonymous_3)
FN:58,statusByColor
FNF:4
FNH:4
FNDA:27,colorByStatus
FNDA:30,(anonymous_2)
FNDA:48,(anonymous_3)
FNDA:26,statusByColor
DA:1,1
DA:3,1
DA:24,1
DA:26,27
DA:28,27
DA:32,21
DA:33,21
DA:35,6
DA:36,6
DA:37,30
DA:38,48
DA:39,5
DA:45,27
DA:58,1
DA:63,26
DA:65,26
DA:66,26
DA:69,1
DA:70,1
LF:19
LH:19
BRDA:28,1,0,21
BRDA:28,1,1,6
BRDA:33,2,0,18
BRDA:33,2,1,3
BRDA:33,3,0,21
BRDA:33,3,1,18
BRDA:38,4,0,5
BRDA:38,4,1,43
BRDA:65,5,0,22
BRDA:65,5,1,4
BRF:10
BRH:10
end_of_record
TN:
SF:/Users/cliffano/dev/workspace/nestor/lib/cli/jenkins.js
FN:13,dashboard
FN:14,(anonymous_2)
FN:15,resultCb
FN:20,(anonymous_4)
FN:27,jenkinsCb
FN:40,discover
FN:41,(anonymous_7)
FN:46,resultCb
FN:51,jenkinsCb
FN:64,executor
FN:65,(anonymous_11)
FN:66,resultCb
FN:76,(anonymous_13)
FN:78,(anonymous_14)
FN:87,jenkinsCb
FN:101,feed
FN:102,(anonymous_17)
FN:103,resultCb
FN:104,(anonymous_19)
FN:108,jenkinsCb
FN:128,queue
FN:129,(anonymous_22)
FN:130,resultCb
FN:135,(anonymous_24)
FN:140,jenkinsCb
FN:153,version
FN:154,(anonymous_27)
FN:155,resultCb
FN:158,jenkinsCb
FNF:29
FNH:29
FNDA:5,dashboard
FNDA:4,(anonymous_2)
FNDA:4,resultCb
FNDA:8,(anonymous_4)
FNDA:4,jenkinsCb
FNDA:4,discover
FNDA:3,(anonymous_7)
FNDA:3,resultCb
FNDA:3,jenkinsCb
FNDA:3,executor
FNDA:2,(anonymous_11)
FNDA:2,resultCb
FNDA:3,(anonymous_13)
FNDA:4,(anonymous_14)
FNDA:2,jenkinsCb
FNDA:4,feed
FNDA:3,(anonymous_17)
FNDA:3,resultCb
FNDA:6,(anonymous_19)
FNDA:3,jenkinsCb
FNDA:3,queue
FNDA:2,(anonymous_22)
FNDA:2,resultCb
FNDA:2,(anonymous_24)
FNDA:2,jenkinsCb
FNDA:2,version
FNDA:1,(anonymous_27)
FNDA:1,resultCb
FNDA:1,jenkinsCb
DA:1,1
DA:2,1
DA:3,1
DA:4,1
DA:5,1
DA:13,1
DA:14,5
DA:15,1
DA:16,4
DA:17,4
DA:18,1
DA:20,3
DA:21,8
DA:22,8
DA:23,8
DA:27,1
DA:28,4
DA:30,4
DA:40,1
DA:41,4
DA:42,3
DA:43,2
DA:44,2
DA:46,1
DA:47,3
DA:51,1
DA:52,3
DA:54,3
DA:64,1
DA:65,3
DA:66,1
DA:68,2
DA:70,2
DA:71,1
DA:74,1
DA:76,1
DA:77,3
DA:78,3
DA:79,4
DA:80,2
DA:87,1
DA:88,2
DA:90,2
DA:101,1
DA:102,4
DA:103,1
DA:104,3
DA:105,6
DA:108,1
DA:109,3
DA:110,1
DA:111,2
DA:112,1
DA:114,1
DA:117,3
DA:128,1
DA:129,3
DA:130,1
DA:131,2
DA:132,2
DA:133,1
DA:135,1
DA:136,2
DA:140,1
DA:141,2
DA:143,2
DA:153,1
DA:154,2
DA:155,1
DA:156,1
DA:158,1
DA:159,1
DA:161,1
DA:165,1
DA:166,1
DA:167,1
DA:168,1
DA:169,1
DA:170,1
LF:79
LH:79
BRDA:17,1,0,1
BRDA:17,1,1,3
BRDA:42,2,0,2
BRDA:42,2,1,1
BRDA:43,3,0,2
BRDA:43,3,1,2
BRDA:49,4,0,2
BRDA:49,4,1,1
BRDA:49,5,0,3
BRDA:49,5,1,2
BRDA:70,6,0,1
BRDA:70,6,1,1
BRDA:79,7,0,2
BRDA:79,7,1,2
BRDA:80,8,0,1
BRDA:80,8,1,1
BRDA:109,9,0,1
BRDA:109,9,1,2
BRDA:111,10,0,1
BRDA:111,10,1,1
BRDA:132,11,0,1
BRDA:132,11,1,1
BRF:22
BRH:22
end_of_record
TN:
SF:/Users/cliffano/dev/workspace/nestor/lib/cli/job.js
FN:15,create
FN:16,(anonymous_2)
FN:17,resultCb
FN:20,jenkinsCb
FN:35,read
FN:36,(anonymous_6)
FN:37,resultCb
FN:41,(anonymous_8)
FN:45,jenkinsCb
FN:58,readLatest
FN:59,(anonymous_11)
FN:61,resultCb
FN:81,jenkinsCb
FN:95,update
FN:96,(anonymous_15)
FN:97,resultCb
FN:100,jenkinsCb
FN:115,_delete
FN:116,(anonymous_19)
FN:117,resultCb
FN:120,jenkinsCb
FN:134,build
FN:136,(anonymous_23)
FN:137,resultCb
FN:140,jenkinsCb
FN:143,passThroughCb
FN:154,(anonymous_27)
FN:163,(anonymous_28)
FN:165,(anonymous_29)
FN:187,stop
FN:188,(anonymous_31)
FN:189,resultCb
FN:192,jenkinsCb
FN:205,_console
FN:206,(anonymous_35)
FN:207,jenkinsCb
FN:225,enable
FN:226,(anonymous_38)
FN:227,resultCb
FN:230,jenkinsCb
FN:244,disable
FN:245,(anonymous_42)
FN:246,resultCb
FN:249,jenkinsCb
FN:263,copy
FN:264,(anonymous_46)
FN:265,resultCb
FN:268,jenkinsCb
FN:282,fetchConfig
FN:283,(anonymous_50)
FN:284,resultCb
FN:287,jenkinsCb
FNF:52
FNH:52
FNDA:3,create
FNDA:1,(anonymous_2)
FNDA:1,resultCb
FNDA:1,jenkinsCb
FNDA:4,read
FNDA:2,(anonymous_6)
FNDA:2,resultCb
FNDA:4,(anonymous_8)
FNDA:2,jenkinsCb
FNDA:3,readLatest
FNDA:2,(anonymous_11)
FNDA:2,resultCb
FNDA:2,jenkinsCb
FNDA:3,update
FNDA:1,(anonymous_15)
FNDA:1,resultCb
FNDA:1,jenkinsCb
FNDA:3,_delete
FNDA:1,(anonymous_19)
FNDA:1,resultCb
FNDA:1,jenkinsCb
FNDA:5,build
FNDA:3,(anonymous_23)
FNDA:3,resultCb
FNDA:3,jenkinsCb
FNDA:1,passThroughCb
FNDA:2,(anonymous_27)
FNDA:1,(anonymous_28)
FNDA:1,(anonymous_29)
FNDA:3,stop
FNDA:1,(anonymous_31)
FNDA:1,resultCb
FNDA:1,jenkinsCb
FNDA:3,_console
FNDA:2,(anonymous_35)
FNDA:2,jenkinsCb
FNDA:3,enable
FNDA:1,(anonymous_38)
FNDA:1,resultCb
FNDA:1,jenkinsCb
FNDA:3,disable
FNDA:1,(anonymous_42)
FNDA:1,resultCb
FNDA:1,jenkinsCb
FNDA:3,copy
FNDA:1,(anonymous_46)
FNDA:1,resultCb
FNDA:1,jenkinsCb
FNDA:3,fetchConfig
FNDA:1,(anonymous_50)
FNDA:1,resultCb
FNDA:1,jenkinsCb
DA:1,3
DA:2,3
DA:3,3
DA:4,3
DA:5,3
DA:6,3
DA:15,1
DA:16,3
DA:17,1
DA:18,1
DA:20,1
DA:21,1
DA:22,1
DA:24,1
DA:35,1
DA:36,4
DA:37,1
DA:38,2
DA:39,2
DA:40,2
DA:41,2
DA:42,4
DA:45,1
DA:46,2
DA:48,2
DA:58,1
DA:59,3
DA:61,1
DA:63,2
DA:64,2
DA:65,2
DA:67,2
DA:68,1
DA:69,1
DA:70,1
DA:72,1
DA:73,1
DA:74,1
DA:77,2
DA:78,2
DA:81,1
DA:82,2
DA:84,2
DA:95,1
DA:96,3
DA:97,1
DA:98,1
DA:100,1
DA:101,1
DA:102,1
DA:104,1
DA:115,1
DA:116,3
DA:117,1
DA:118,1
DA:120,1
DA:121,1
DA:123,1
DA:134,1
DA:136,5
DA:137,1
DA:138,3
DA:140,1
DA:143,1
DA:144,1
DA:147,3
DA:148,2
DA:149,2
DA:152,3
DA:153,3
DA:154,1
DA:155,2
DA:156,2
DA:160,3
DA:162,3
DA:163,1
DA:164,1
DA:165,1
DA:166,1
DA:171,2
DA:174,3
DA:176,3
DA:187,1
DA:188,3
DA:189,1
DA:190,1
DA:192,1
DA:193,1
DA:195,1
DA:205,1
DA:206,3
DA:207,1
DA:209,2
DA:211,2
DA:212,2
DA:214,2
DA:225,1
DA:226,3
DA:227,1
DA:228,1
DA:230,1
DA:231,1
DA:233,1
DA:244,1
DA:245,3
DA:246,1
DA:247,1
DA:249,1
DA:250,1
DA:252,1
DA:263,1
DA:264,3
DA:265,1
DA:266,1
DA:268,1
DA:269,1
DA:271,1
DA:282,1
DA:283,3
DA:284,1
DA:285,1
DA:287,1
DA:288,1
DA:290,1
DA:294,3
DA:295,3
DA:296,3
DA:297,3
DA:298,3
DA:299,3
DA:300,3
DA:301,3
DA:302,3
DA:303,3
DA:304,3
DA:305,3
LF:136
LH:136
BRDA:67,1,0,1
BRDA:67,1,1,1
BRDA:147,2,0,2
BRDA:147,2,1,1
BRDA:153,3,0,1
BRDA:153,3,1,2
BRDA:162,4,0,1
BRDA:162,4,1,2
BRDA:167,5,0,1
BRDA:167,5,1,1
BRF:10
BRH:10
end_of_record
TN:
SF:/Users/cliffano/dev/workspace/nestor/lib/cli/view.js
FN:12,create
FN:13,(anonymous_2)
FN:14,resultCb
FN:17,jenkinsCb
FN:32,update
FN:33,(anonymous_6)
FN:34,resultCb
FN:37,jenkinsCb
FN:52,fetchConfig
FN:53,(anonymous_10)
FN:54,resultCb
FN:57,jenkinsCb
FNF:12
FNH:12
FNDA:2,create
FNDA:1,(anonymous_2)
FNDA:1,resultCb
FNDA:1,jenkinsCb
FNDA:2,update
FNDA:1,(anonymous_6)
FNDA:1,resultCb
FNDA:1,jenkinsCb
FNDA:2,fetchConfig
FNDA:1,(anonymous_10)
FNDA:1,resultCb
FNDA:1,jenkinsCb
DA:1,1
DA:2,1
DA:3,1
DA:12,1
DA:13,2
DA:14,1
DA:15,1
DA:17,1
DA:18,1
DA:19,1
DA:21,1
DA:32,1
DA:33,2
DA:34,1
DA:35,1
DA:37,1
DA:38,1
DA:39,1
DA:41,1
DA:52,1
DA:53,2
DA:54,1
DA:55,1
DA:57,1
DA:58,1
DA:60,1
DA:64,1
DA:65,1
DA:66,1
LF:29
LH:29
BRF:0
BRH:0
end_of_record
